#
# There is insufficient memory for the Java Runtime Environment to continue.
# Native memory allocation (mmap) failed to map 65536 bytes for Failed to commit metaspace.
# Possible reasons:
#   The system is out of physical RAM or swap space
#   The process is running with CompressedOops enabled, and the Java Heap may be blocking the growth of the native heap
# Possible solutions:
#   Reduce memory load on the system
#   Increase physical memory or swap space
#   Check if swap backing store is full
#   Decrease Java heap size (-Xmx/-Xms)
#   Decrease number of Java threads
#   Decrease Java thread stack sizes (-Xss)
#   Set larger code cache with -XX:ReservedCodeCacheSize=
#   JVM is running with Unscaled Compressed Oops mode in which the Java heap is
#     placed in the first 4GB address space. The Java Heap base address is the
#     maximum limit for the native heap growth. Please use -XX:HeapBaseMinAddress
#     to set the Java Heap base and to place the Java Heap above 4GB virtual address.
# This output file may be truncated or incomplete.
#
#  Out of Memory Error (virtualSpaceNode.cpp:110), pid=13000, tid=6952
#
# JRE version: Java(TM) SE Runtime Environment (19.0.2+7) (build 19.0.2+7-44)
# Java VM: Java HotSpot(TM) 64-Bit Server VM (19.0.2+7-44, mixed mode, sharing, tiered, compressed oops, compressed class ptrs, g1 gc, windows-amd64)
# No core dump will be written. Minidumps are not enabled by default on client versions of Windows
#

---------------  S U M M A R Y ------------

Command Line: -javaagent:C:\Program Files\JetBrains\IntelliJ IDEA Community Edition 2022.3.2\lib\idea_rt.jar=57328:C:\Program Files\JetBrains\IntelliJ IDEA Community Edition 2022.3.2\bin -Dfile.encoding=UTF-8 -Dsun.stdout.encoding=UTF-8 -Dsun.stderr.encoding=UTF-8 main.MainClass

Host: AMD Ryzen 5 3500U with Radeon Vega Mobile Gfx  , 4 cores, 4G,  Windows 10 , 64 bit Build 19041 (10.0.19041.546)
Time: Thu Dec  7 19:13:59 2023 RTZ 2 (s 10 , 64 bit Build 19041 (10.0.19041.546) elapsed time: 0.240483 seconds (0d 0h 0m 0s)

---------------  T H R E A D  ---------------

Current thread (0x000001b23191c8f0):  JavaThread "main" [_thread_in_vm, id=6952, stack(0x000000a796c00000,0x000000a796d00000)]

Stack: [0x000000a796c00000,0x000000a796d00000]
Native frames: (J=compiled Java code, j=interpreted, Vv=VM code, C=native code)
V  [jvm.dll+0x6ee21a]
V  [jvm.dll+0x85765e]
V  [jvm.dll+0x85904e]
V  [jvm.dll+0x859703]
V  [jvm.dll+0x28298f]
V  [jvm.dll+0x8532db]
V  [jvm.dll+0x692cb6]
V  [jvm.dll+0x692d1a]
V  [jvm.dll+0x695613]
V  [jvm.dll+0x6954de]
V  [jvm.dll+0x6936de]
V  [jvm.dll+0x2801cc]
V  [jvm.dll+0x7432cd]
V  [jvm.dll+0x743ccf]
V  [jvm.dll+0x3c999e]
V  [jvm.dll+0x3c8b14]
V  [jvm.dll+0x3c8ab8]
V  [jvm.dll+0x5cf569]
V  [jvm.dll+0x5ce464]
V  [jvm.dll+0x3ddda7]
V  [jvm.dll+0x3dd3ff]
C  0x000001b240dec181

Java frames: (J=compiled Java code, j=interpreted, Vv=VM code)
j  java.lang.Double.parseDouble(Ljava/lang/String;)D+1 java.base@19.0.2
j  java.security.Provider.parseVersionStr(Ljava/lang/String;)D+66 java.base@19.0.2
j  java.security.Provider.<init>(Ljava/lang/String;Ljava/lang/String;Ljava/lang/String;)V+26 java.base@19.0.2
j  sun.security.jca.ProviderList$1.<init>(Ljava/lang/String;Ljava/lang/String;Ljava/lang/String;)V+4 java.base@19.0.2
j  sun.security.jca.ProviderList.<clinit>()V+57 java.base@19.0.2
v  ~StubRoutines::call_stub 0x000001b240dc100e
j  sun.security.jca.Providers.<clinit>()V+10 java.base@19.0.2
v  ~StubRoutines::call_stub 0x000001b240dc100e
j  java.security.SecureRandom.getDefaultPRNG(Z[B)V+5 java.base@19.0.2
j  java.security.SecureRandom.<init>()V+23 java.base@19.0.2
j  java.nio.file.TempFileHelper.<clinit>()V+33 java.base@19.0.2
v  ~StubRoutines::call_stub 0x000001b240dc100e
j  java.nio.file.Files.createTempFile(Ljava/lang/String;Ljava/lang/String;[Ljava/nio/file/attribute/FileAttribute;)Ljava/nio/file/Path;+4 java.base@19.0.2
j  javax.imageio.stream.FileCacheImageInputStream.<init>(Ljava/io/InputStream;Ljava/io/File;)V+76 java.desktop@19.0.2
j  com.sun.imageio.spi.InputStreamImageInputStreamSpi.createInputStreamInstance(Ljava/lang/Object;ZLjava/io/File;)Ljavax/imageio/stream/ImageInputStream;+24 java.desktop@19.0.2
j  javax.imageio.ImageIO.createImageInputStream(Ljava/lang/Object;)Ljavax/imageio/stream/ImageInputStream;+84 java.desktop@19.0.2
j  javax.imageio.ImageIO.read(Ljava/io/InputStream;)Ljava/awt/image/BufferedImage;+15 java.desktop@19.0.2
j  auxiliary.GetDownloadSave.GetPresenceSprite(Ljava/lang/String;)Ljava/awt/image/BufferedImage;+15
j  userinterface.ButtonsInMenu.uploadImages()V+10
j  userinterface.ButtonsInMenu.<init>(IIILgamestates/GameState;)V+32
j  gamestates.Menu.loadingButtons()V+19
j  gamestates.Menu.<init>(Lmain/Game;)V+14
j  main.Game.initializationClasses()V+6
j  main.Game.<init>()V+18
j  main.MainClass.main([Ljava/lang/String;)V+4
v  ~StubRoutines::call_stub 0x000001b240dc100e

---------------  P R O C E S S  ---------------

Threads class SMR info:
_java_thread_list=0x000001b25214f490, length=13, elements={
0x000001b23191c8f0, 0x000001b24dc45430, 0x000001b24dc46230, 0x000001b24dc4cba0,
0x000001b24dc536e0, 0x000001b24dc54010, 0x000001b24dc54940, 0x000001b24dc555a0,
0x000001b24dc7ef80, 0x000001b24dcd8e40, 0x000001b24dc1c0d0, 0x000001b2521f8540,
0x000001b252153a30
}

Java Threads: ( => current thread )
=>0x000001b23191c8f0 JavaThread "main" [_thread_in_vm, id=6952, stack(0x000000a796c00000,0x000000a796d00000)]
  0x000001b24dc45430 JavaThread "Reference Handler" daemon [_thread_blocked, id=8620, stack(0x000000a797300000,0x000000a797400000)]
  0x000001b24dc46230 JavaThread "Finalizer" daemon [_thread_blocked, id=7896, stack(0x000000a797400000,0x000000a797500000)]
  0x000001b24dc4cba0 JavaThread "Signal Dispatcher" daemon [_thread_blocked, id=7088, stack(0x000000a797500000,0x000000a797600000)]
  0x000001b24dc536e0 JavaThread "Attach Listener" daemon [_thread_blocked, id=7916, stack(0x000000a797600000,0x000000a797700000)]
  0x000001b24dc54010 JavaThread "Service Thread" daemon [_thread_blocked, id=9936, stack(0x000000a797700000,0x000000a797800000)]
  0x000001b24dc54940 JavaThread "Monitor Deflation Thread" daemon [_thread_blocked, id=11100, stack(0x000000a797800000,0x000000a797900000)]
  0x000001b24dc555a0 JavaThread "C2 CompilerThread0" daemon [_thread_blocked, id=8536, stack(0x000000a797900000,0x000000a797a00000)]
  0x000001b24dc7ef80 JavaThread "C1 CompilerThread0" daemon [_thread_blocked, id=8996, stack(0x000000a797a00000,0x000000a797b00000)]
  0x000001b24dcd8e40 JavaThread "Sweeper thread" daemon [_thread_blocked, id=13400, stack(0x000000a797b00000,0x000000a797c00000)]
  0x000001b24dc1c0d0 JavaThread "Common-Cleaner" daemon [_thread_blocked, id=9788, stack(0x000000a797c00000,0x000000a797d00000)]
  0x000001b2521f8540 JavaThread "Monitor Ctrl-Break" daemon [_thread_in_native, id=9776, stack(0x000000a797d00000,0x000000a797e00000)]
  0x000001b252153a30 JavaThread "Notification Thread" daemon [_thread_blocked, id=2820, stack(0x000000a797e00000,0x000000a797f00000)]

Other Threads:
  0x000001b24dc2aad0 VMThread "VM Thread" [stack: 0x000000a797200000,0x000000a797300000] [id=10780]
  0x000001b2521f3360 WatcherThread "VM Periodic Task Thread" [stack: 0x000000a797f00000,0x000000a798000000] [id=9504]
  0x000001b231964170 WorkerThread "GC Thread#0" [stack: 0x000000a796d00000,0x000000a796e00000] [id=13868]
  0x000001b23196f170 ConcurrentGCThread "G1 Main Marker" [stack: 0x000000a796e00000,0x000000a796f00000] [id=7556]
  0x000001b231971350 WorkerThread "G1 Conc#0" [stack: 0x000000a796f00000,0x000000a797000000] [id=4892]
  0x000001b2319dbb30 ConcurrentGCThread "G1 Refine#0" [stack: 0x000000a797000000,0x000000a797100000] [id=9664]
  0x000001b2319dc670 ConcurrentGCThread "G1 Service" [stack: 0x000000a797100000,0x000000a797200000] [id=10576]

Threads with active compile tasks:

VM state: not at safepoint (normal execution)

VM Mutex/Monitor currently owned by a thread:  ([mutex/lock_event])
[0x000001b231916390] Metaspace_lock - owner thread: 0x000001b23191c8f0

Heap address: 0x00000000b0800000, size: 1272 MB, Compressed Oops mode: 32-bit

CDS archive(s) mapped at: [0x0000000800000000-0x0000000800c40000-0x0000000800c40000), size 12845056, SharedBaseAddress: 0x0000000800000000, ArchiveRelocationMode: 0.
Compressed class space mapped at: 0x0000000801000000-0x0000000841000000, reserved size: 1073741824
Narrow klass base: 0x0000000800000000, Narrow klass shift: 0, Narrow klass range: 0x100000000

GC Precious Log:
 CardTable entry size: 512
 Card Set container configuration: InlinePtr #cards 5 size 8 Array Of Cards #cards 12 size 40 Howl #buckets 4 coarsen threshold 1843 Howl Bitmap #cards 512 size 80 coarsen threshold 460 Card regions per heap region 1 cards per card region 2048
 CPUs: 4 total, 4 available
 Memory: 5080M
 Large Page Support: Disabled
 NUMA Support: Disabled
 Compressed Oops: Enabled (32-bit)
 Heap Region Size: 1M
 Heap Min Capacity: 8M
 Heap Initial Capacity: 80M
 Heap Max Capacity: 1272M
 Pre-touch: Disabled
 Parallel Workers: 4
 Concurrent Workers: 1
 Concurrent Refinement Workers: 4
 Periodic GC: Disabled

Heap:
 garbage-first heap   total 81920K, used 3072K [0x00000000b0800000, 0x0000000100000000)
  region size 1024K, 4 young (4096K), 0 survivors (0K)
 Metaspace       used 1934K, committed 2048K, reserved 1114112K
  class space    used 180K, committed 256K, reserved 1048576K

Heap Regions: E=young(eden), S=young(survivor), O=old, HS=humongous(starts), HC=humongous(continues), CS=collection set, F=free, OA=open archive, CA=closed archive, TAMS=top-at-mark-start (previous, next)
|   0|0x00000000b0800000, 0x00000000b0800000, 0x00000000b0900000|  0%| F|  |TAMS 0x00000000b0800000, 0x00000000b0800000| Untracked 
|   1|0x00000000b0900000, 0x00000000b0900000, 0x00000000b0a00000|  0%| F|  |TAMS 0x00000000b0900000, 0x00000000b0900000| Untracked 
|   2|0x00000000b0a00000, 0x00000000b0a00000, 0x00000000b0b00000|  0%| F|  |TAMS 0x00000000b0a00000, 0x00000000b0a00000| Untracked 
|   3|0x00000000b0b00000, 0x00000000b0b00000, 0x00000000b0c00000|  0%| F|  |TAMS 0x00000000b0b00000, 0x00000000b0b00000| Untracked 
|   4|0x00000000b0c00000, 0x00000000b0c00000, 0x00000000b0d00000|  0%| F|  |TAMS 0x00000000b0c00000, 0x00000000b0c00000| Untracked 
|   5|0x00000000b0d00000, 0x00000000b0d00000, 0x00000000b0e00000|  0%| F|  |TAMS 0x00000000b0d00000, 0x00000000b0d00000| Untracked 
|   6|0x00000000b0e00000, 0x00000000b0e00000, 0x00000000b0f00000|  0%| F|  |TAMS 0x00000000b0e00000, 0x00000000b0e00000| Untracked 
|   7|0x00000000b0f00000, 0x00000000b0f00000, 0x00000000b1000000|  0%| F|  |TAMS 0x00000000b0f00000, 0x00000000b0f00000| Untracked 
|   8|0x00000000b1000000, 0x00000000b1000000, 0x00000000b1100000|  0%| F|  |TAMS 0x00000000b1000000, 0x00000000b1000000| Untracked 
|   9|0x00000000b1100000, 0x00000000b1100000, 0x00000000b1200000|  0%| F|  |TAMS 0x00000000b1100000, 0x00000000b1100000| Untracked 
|  10|0x00000000b1200000, 0x00000000b1200000, 0x00000000b1300000|  0%| F|  |TAMS 0x00000000b1200000, 0x00000000b1200000| Untracked 
|  11|0x00000000b1300000, 0x00000000b1300000, 0x00000000b1400000|  0%| F|  |TAMS 0x00000000b1300000, 0x00000000b1300000| Untracked 
|  12|0x00000000b1400000, 0x00000000b1400000, 0x00000000b1500000|  0%| F|  |TAMS 0x00000000b1400000, 0x00000000b1400000| Untracked 
|  13|0x00000000b1500000, 0x00000000b1500000, 0x00000000b1600000|  0%| F|  |TAMS 0x00000000b1500000, 0x00000000b1500000| Untracked 
|  14|0x00000000b1600000, 0x00000000b1600000, 0x00000000b1700000|  0%| F|  |TAMS 0x00000000b1600000, 0x00000000b1600000| Untracked 
|  15|0x00000000b1700000, 0x00000000b1700000, 0x00000000b1800000|  0%| F|  |TAMS 0x00000000b1700000, 0x00000000b1700000| Untracked 
|  16|0x00000000b1800000, 0x00000000b1800000, 0x00000000b1900000|  0%| F|  |TAMS 0x00000000b1800000, 0x00000000b1800000| Untracked 
|  17|0x00000000b1900000, 0x00000000b1900000, 0x00000000b1a00000|  0%| F|  |TAMS 0x00000000b1900000, 0x00000000b1900000| Untracked 
|  18|0x00000000b1a00000, 0x00000000b1a00000, 0x00000000b1b00000|  0%| F|  |TAMS 0x00000000b1a00000, 0x00000000b1a00000| Untracked 
|  19|0x00000000b1b00000, 0x00000000b1b00000, 0x00000000b1c00000|  0%| F|  |TAMS 0x00000000b1b00000, 0x00000000b1b00000| Untracked 
|  20|0x00000000b1c00000, 0x00000000b1c00000, 0x00000000b1d00000|  0%| F|  |TAMS 0x00000000b1c00000, 0x00000000b1c00000| Untracked 
|  21|0x00000000b1d00000, 0x00000000b1d00000, 0x00000000b1e00000|  0%| F|  |TAMS 0x00000000b1d00000, 0x00000000b1d00000| Untracked 
|  22|0x00000000b1e00000, 0x00000000b1e00000, 0x00000000b1f00000|  0%| F|  |TAMS 0x00000000b1e00000, 0x00000000b1e00000| Untracked 
|  23|0x00000000b1f00000, 0x00000000b1f00000, 0x00000000b2000000|  0%| F|  |TAMS 0x00000000b1f00000, 0x00000000b1f00000| Untracked 
|  24|0x00000000b2000000, 0x00000000b2000000, 0x00000000b2100000|  0%| F|  |TAMS 0x00000000b2000000, 0x00000000b2000000| Untracked 
|  25|0x00000000b2100000, 0x00000000b2100000, 0x00000000b2200000|  0%| F|  |TAMS 0x00000000b2100000, 0x00000000b2100000| Untracked 
|  26|0x00000000b2200000, 0x00000000b2200000, 0x00000000b2300000|  0%| F|  |TAMS 0x00000000b2200000, 0x00000000b2200000| Untracked 
|  27|0x00000000b2300000, 0x00000000b2300000, 0x00000000b2400000|  0%| F|  |TAMS 0x00000000b2300000, 0x00000000b2300000| Untracked 
|  28|0x00000000b2400000, 0x00000000b2400000, 0x00000000b2500000|  0%| F|  |TAMS 0x00000000b2400000, 0x00000000b2400000| Untracked 
|  29|0x00000000b2500000, 0x00000000b2500000, 0x00000000b2600000|  0%| F|  |TAMS 0x00000000b2500000, 0x00000000b2500000| Untracked 
|  30|0x00000000b2600000, 0x00000000b2600000, 0x00000000b2700000|  0%| F|  |TAMS 0x00000000b2600000, 0x00000000b2600000| Untracked 
|  31|0x00000000b2700000, 0x00000000b2700000, 0x00000000b2800000|  0%| F|  |TAMS 0x00000000b2700000, 0x00000000b2700000| Untracked 
|  32|0x00000000b2800000, 0x00000000b2800000, 0x00000000b2900000|  0%| F|  |TAMS 0x00000000b2800000, 0x00000000b2800000| Untracked 
|  33|0x00000000b2900000, 0x00000000b2900000, 0x00000000b2a00000|  0%| F|  |TAMS 0x00000000b2900000, 0x00000000b2900000| Untracked 
|  34|0x00000000b2a00000, 0x00000000b2a00000, 0x00000000b2b00000|  0%| F|  |TAMS 0x00000000b2a00000, 0x00000000b2a00000| Untracked 
|  35|0x00000000b2b00000, 0x00000000b2b00000, 0x00000000b2c00000|  0%| F|  |TAMS 0x00000000b2b00000, 0x00000000b2b00000| Untracked 
|  36|0x00000000b2c00000, 0x00000000b2c00000, 0x00000000b2d00000|  0%| F|  |TAMS 0x00000000b2c00000, 0x00000000b2c00000| Untracked 
|  37|0x00000000b2d00000, 0x00000000b2d00000, 0x00000000b2e00000|  0%| F|  |TAMS 0x00000000b2d00000, 0x00000000b2d00000| Untracked 
|  38|0x00000000b2e00000, 0x00000000b2e00000, 0x00000000b2f00000|  0%| F|  |TAMS 0x00000000b2e00000, 0x00000000b2e00000| Untracked 
|  39|0x00000000b2f00000, 0x00000000b2f00000, 0x00000000b3000000|  0%| F|  |TAMS 0x00000000b2f00000, 0x00000000b2f00000| Untracked 
|  40|0x00000000b3000000, 0x00000000b3000000, 0x00000000b3100000|  0%| F|  |TAMS 0x00000000b3000000, 0x00000000b3000000| Untracked 
|  41|0x00000000b3100000, 0x00000000b3100000, 0x00000000b3200000|  0%| F|  |TAMS 0x00000000b3100000, 0x00000000b3100000| Untracked 
|  42|0x00000000b3200000, 0x00000000b3200000, 0x00000000b3300000|  0%| F|  |TAMS 0x00000000b3200000, 0x00000000b3200000| Untracked 
|  43|0x00000000b3300000, 0x00000000b3300000, 0x00000000b3400000|  0%| F|  |TAMS 0x00000000b3300000, 0x00000000b3300000| Untracked 
|  44|0x00000000b3400000, 0x00000000b3400000, 0x00000000b3500000|  0%| F|  |TAMS 0x00000000b3400000, 0x00000000b3400000| Untracked 
|  45|0x00000000b3500000, 0x00000000b3500000, 0x00000000b3600000|  0%| F|  |TAMS 0x00000000b3500000, 0x00000000b3500000| Untracked 
|  46|0x00000000b3600000, 0x00000000b3600000, 0x00000000b3700000|  0%| F|  |TAMS 0x00000000b3600000, 0x00000000b3600000| Untracked 
|  47|0x00000000b3700000, 0x00000000b3700000, 0x00000000b3800000|  0%| F|  |TAMS 0x00000000b3700000, 0x00000000b3700000| Untracked 
|  48|0x00000000b3800000, 0x00000000b3800000, 0x00000000b3900000|  0%| F|  |TAMS 0x00000000b3800000, 0x00000000b3800000| Untracked 
|  49|0x00000000b3900000, 0x00000000b3900000, 0x00000000b3a00000|  0%| F|  |TAMS 0x00000000b3900000, 0x00000000b3900000| Untracked 
|  50|0x00000000b3a00000, 0x00000000b3a00000, 0x00000000b3b00000|  0%| F|  |TAMS 0x00000000b3a00000, 0x00000000b3a00000| Untracked 
|  51|0x00000000b3b00000, 0x00000000b3b00000, 0x00000000b3c00000|  0%| F|  |TAMS 0x00000000b3b00000, 0x00000000b3b00000| Untracked 
|  52|0x00000000b3c00000, 0x00000000b3c00000, 0x00000000b3d00000|  0%| F|  |TAMS 0x00000000b3c00000, 0x00000000b3c00000| Untracked 
|  53|0x00000000b3d00000, 0x00000000b3d00000, 0x00000000b3e00000|  0%| F|  |TAMS 0x00000000b3d00000, 0x00000000b3d00000| Untracked 
|  54|0x00000000b3e00000, 0x00000000b3e00000, 0x00000000b3f00000|  0%| F|  |TAMS 0x00000000b3e00000, 0x00000000b3e00000| Untracked 
|  55|0x00000000b3f00000, 0x00000000b3f00000, 0x00000000b4000000|  0%| F|  |TAMS 0x00000000b3f00000, 0x00000000b3f00000| Untracked 
|  56|0x00000000b4000000, 0x00000000b4000000, 0x00000000b4100000|  0%| F|  |TAMS 0x00000000b4000000, 0x00000000b4000000| Untracked 
|  57|0x00000000b4100000, 0x00000000b4100000, 0x00000000b4200000|  0%| F|  |TAMS 0x00000000b4100000, 0x00000000b4100000| Untracked 
|  58|0x00000000b4200000, 0x00000000b4200000, 0x00000000b4300000|  0%| F|  |TAMS 0x00000000b4200000, 0x00000000b4200000| Untracked 
|  59|0x00000000b4300000, 0x00000000b4300000, 0x00000000b4400000|  0%| F|  |TAMS 0x00000000b4300000, 0x00000000b4300000| Untracked 
|  60|0x00000000b4400000, 0x00000000b4400000, 0x00000000b4500000|  0%| F|  |TAMS 0x00000000b4400000, 0x00000000b4400000| Untracked 
|  61|0x00000000b4500000, 0x00000000b4500000, 0x00000000b4600000|  0%| F|  |TAMS 0x00000000b4500000, 0x00000000b4500000| Untracked 
|  62|0x00000000b4600000, 0x00000000b4600000, 0x00000000b4700000|  0%| F|  |TAMS 0x00000000b4600000, 0x00000000b4600000| Untracked 
|  63|0x00000000b4700000, 0x00000000b4700000, 0x00000000b4800000|  0%| F|  |TAMS 0x00000000b4700000, 0x00000000b4700000| Untracked 
|  64|0x00000000b4800000, 0x00000000b4800000, 0x00000000b4900000|  0%| F|  |TAMS 0x00000000b4800000, 0x00000000b4800000| Untracked 
|  65|0x00000000b4900000, 0x00000000b4900000, 0x00000000b4a00000|  0%| F|  |TAMS 0x00000000b4900000, 0x00000000b4900000| Untracked 
|  66|0x00000000b4a00000, 0x00000000b4a00000, 0x00000000b4b00000|  0%| F|  |TAMS 0x00000000b4a00000, 0x00000000b4a00000| Untracked 
|  67|0x00000000b4b00000, 0x00000000b4b00000, 0x00000000b4c00000|  0%| F|  |TAMS 0x00000000b4b00000, 0x00000000b4b00000| Untracked 
|  68|0x00000000b4c00000, 0x00000000b4c00000, 0x00000000b4d00000|  0%| F|  |TAMS 0x00000000b4c00000, 0x00000000b4c00000| Untracked 
|  69|0x00000000b4d00000, 0x00000000b4d00000, 0x00000000b4e00000|  0%| F|  |TAMS 0x00000000b4d00000, 0x00000000b4d00000| Untracked 
|  70|0x00000000b4e00000, 0x00000000b4e00000, 0x00000000b4f00000|  0%| F|  |TAMS 0x00000000b4e00000, 0x00000000b4e00000| Untracked 
|  71|0x00000000b4f00000, 0x00000000b4f00000, 0x00000000b5000000|  0%| F|  |TAMS 0x00000000b4f00000, 0x00000000b4f00000| Untracked 
|  72|0x00000000b5000000, 0x00000000b5000000, 0x00000000b5100000|  0%| F|  |TAMS 0x00000000b5000000, 0x00000000b5000000| Untracked 
|  73|0x00000000b5100000, 0x00000000b5100000, 0x00000000b5200000|  0%| F|  |TAMS 0x00000000b5100000, 0x00000000b5100000| Untracked 
|  74|0x00000000b5200000, 0x00000000b5200000, 0x00000000b5300000|  0%| F|  |TAMS 0x00000000b5200000, 0x00000000b5200000| Untracked 
|  75|0x00000000b5300000, 0x00000000b5300000, 0x00000000b5400000|  0%| F|  |TAMS 0x00000000b5300000, 0x00000000b5300000| Untracked 
|  76|0x00000000b5400000, 0x00000000b5443128, 0x00000000b5500000| 26%| E|  |TAMS 0x00000000b5400000, 0x00000000b5400000| Complete 
|  77|0x00000000b5500000, 0x00000000b5600000, 0x00000000b5600000|100%| E|CS|TAMS 0x00000000b5500000, 0x00000000b5500000| Complete 
|  78|0x00000000b5600000, 0x00000000b5700000, 0x00000000b5700000|100%| E|CS|TAMS 0x00000000b5600000, 0x00000000b5600000| Complete 
|  79|0x00000000b5700000, 0x00000000b5800000, 0x00000000b5800000|100%| E|CS|TAMS 0x00000000b5700000, 0x00000000b5700000| Complete 

Card table byte_map: [0x000001b248b10000,0x000001b248d90000] _byte_map_base: 0x000001b24858c000

Marking Bits (Prev, Next): (CMBitMap*) 0x000001b2319647a0, (CMBitMap*) 0x000001b2319647e0
 Prev Bits: [0x000001b249010000, 0x000001b24a3f0000)
 Next Bits: [0x000001b24a3f0000, 0x000001b24b7d0000)

Polling page: 0x000001b22f7d0000

Metaspace:

Usage:
  Non-class:      1.71 MB used.
      Class:    180.46 KB used.
       Both:      1.89 MB used.

Virtual space:
  Non-class space:       64.00 MB reserved,       1.75 MB (  3%) committed,  1 nodes.
      Class space:        1.00 GB reserved,     256.00 KB ( <1%) committed,  1 nodes.
             Both:        1.06 GB reserved,       2.00 MB ( <1%) committed. 

Chunk freelists:
   Non-Class:  3.88 MB
       Class:  3.70 MB
        Both:  7.57 MB

MaxMetaspaceSize: unlimited
CompressedClassSpaceSize: 1.00 GB
Initial GC threshold: 21.00 MB
Current GC threshold: 21.00 MB
CDS: on
MetaspaceReclaimPolicy: balanced
 - commit_granule_bytes: 65536.
 - commit_granule_words: 8192.
 - virtual_space_node_default_size: 8388608.
 - enlarge_chunks_in_place: 1.
 - new_chunks_are_fully_committed: 0.
 - uncommit_free_chunks: 1.
 - use_allocation_guard: 0.


Internal statistics:

num_allocs_failed_limit: 0.
num_arena_births: 86.
num_arena_deaths: 0.
num_vsnodes_births: 2.
num_vsnodes_deaths: 0.
num_space_committed: 32.
num_space_uncommitted: 0.
num_chunks_returned_to_freelist: 0.
num_chunks_taken_from_freelist: 93.
num_chunk_merges: 0.
num_chunk_splits: 66.
num_chunks_enlarged: 44.
num_inconsistent_stats: 0.

CodeHeap 'non-profiled nmethods': size=120000Kb used=131Kb max_used=131Kb free=119868Kb
 bounds [0x000001b241360000, 0x000001b2415d0000, 0x000001b248890000]
CodeHeap 'profiled nmethods': size=120000Kb used=501Kb max_used=501Kb free=119498Kb
 bounds [0x000001b239890000, 0x000001b239b00000, 0x000001b240dc0000]
CodeHeap 'non-nmethods': size=5760Kb used=1223Kb max_used=1234Kb free=4536Kb
 bounds [0x000001b240dc0000, 0x000001b241030000, 0x000001b241360000]
 total_blobs=822 nmethods=397 adapters=336
 compilation: enabled
              stopped_count=0, restarted_count=0
 full_count=0

Compilation events (20 events):
Event: 0.226 Thread 0x000001b24dc7ef80  385       1       java.util.ArrayList::size (5 bytes)
Event: 0.226 Thread 0x000001b24dc7ef80 nmethod 385 0x000001b241380410 code [0x000001b2413805a0, 0x000001b241380658]
Event: 0.226 Thread 0x000001b24dc7ef80  389       3       jdk.internal.module.SystemModuleFinders$SystemModuleReader::find (59 bytes)
Event: 0.226 Thread 0x000001b24dc555a0  392       4       java.util.concurrent.ConcurrentHashMap::tabAt (22 bytes)
Event: 0.227 Thread 0x000001b24dc7ef80 nmethod 389 0x000001b23990a090 code [0x000001b23990a340, 0x000001b23990add8]
Event: 0.227 Thread 0x000001b24dc7ef80  391       3       java.nio.DirectIntBufferU::ix (10 bytes)
Event: 0.227 Thread 0x000001b24dc7ef80 nmethod 391 0x000001b23990b210 code [0x000001b23990b3a0, 0x000001b23990b4b8]
Event: 0.227 Thread 0x000001b24dc7ef80  390       3       jdk.internal.module.SystemModuleFinders$SystemModuleReader::containsImageLocation (42 bytes)
Event: 0.227 Thread 0x000001b24dc555a0 nmethod 392 0x000001b241380710 code [0x000001b241380880, 0x000001b2413808d8]
Event: 0.227 Thread 0x000001b24dc555a0  393       4       jdk.internal.jimage.ImageStringsReader::unmaskedHashCode (166 bytes)
Event: 0.227 Thread 0x000001b24dc7ef80 nmethod 390 0x000001b23990b590 code [0x000001b23990b7a0, 0x000001b23990bdf8]
Event: 0.228 Thread 0x000001b24dc7ef80  394       3       jdk.internal.jimage.BasicImageReader::getLocationIndex (52 bytes)
Event: 0.228 Thread 0x000001b24dc7ef80 nmethod 394 0x000001b23990c090 code [0x000001b23990c280, 0x000001b23990c718]
Event: 0.228 Thread 0x000001b24dc7ef80  395       3       jdk.internal.jimage.ImageStringsReader::hashCode (8 bytes)
Event: 0.228 Thread 0x000001b24dc7ef80 nmethod 395 0x000001b23990c990 code [0x000001b23990cb40, 0x000001b23990ccf8]
Event: 0.228 Thread 0x000001b24dc7ef80  396       3       jdk.internal.jimage.ImageStringsReader::match (11 bytes)
Event: 0.228 Thread 0x000001b24dc7ef80 nmethod 396 0x000001b23990ce10 code [0x000001b23990cfc0, 0x000001b23990d188]
Event: 0.230 Thread 0x000001b24dc555a0 nmethod 393 0x000001b241380a10 code [0x000001b241380ba0, 0x000001b241380d28]
Event: 0.235 Thread 0x000001b24dc7ef80  397       3       java.lang.CharacterDataLatin1::toLowerCase (39 bytes)
Event: 0.235 Thread 0x000001b24dc7ef80 nmethod 397 0x000001b23990d290 code [0x000001b23990d440, 0x000001b23990d678]

GC Heap History (0 events):
No events

Dll operation events (11 events):
Event: 0.013 Loaded shared library C:\Program Files\Java\jdk-19\bin\java.dll
Event: 0.023 Loaded shared library C:\Program Files\Java\jdk-19\bin\jsvml.dll
Event: 0.095 Loaded shared library C:\Program Files\Java\jdk-19\bin\zip.dll
Event: 0.099 Loaded shared library C:\Program Files\Java\jdk-19\bin\instrument.dll
Event: 0.107 Loaded shared library C:\Program Files\Java\jdk-19\bin\net.dll
Event: 0.110 Loaded shared library C:\Program Files\Java\jdk-19\bin\nio.dll
Event: 0.114 Loaded shared library C:\Program Files\Java\jdk-19\bin\zip.dll
Event: 0.124 Loaded shared library C:\Program Files\JetBrains\IntelliJ IDEA Community Edition 2022.3.2\bin\breakgen64.dll
Event: 0.135 Loaded shared library C:\Program Files\Java\jdk-19\bin\extnet.dll
Event: 0.142 Loaded shared library C:\Program Files\Java\jdk-19\bin\jimage.dll
Event: 0.177 Loaded shared library C:\Program Files\Java\jdk-19\bin\awt.dll

Deoptimization events (0 events):
No events

Classes loaded (20 events):
Event: 0.233 Loading class java/security/SecureRandom
Event: 0.233 Loading class java/security/SecureRandom done
Event: 0.233 Loading class sun/security/jca/Providers
Event: 0.233 Loading class sun/security/jca/Providers done
Event: 0.233 Loading class sun/security/jca/ProviderList
Event: 0.233 Loading class sun/security/jca/ProviderList done
Event: 0.233 Loading class sun/security/jca/ProviderConfig
Event: 0.234 Loading class sun/security/jca/ProviderConfig done
Event: 0.234 Loading class java/security/Provider
Event: 0.234 Loading class java/security/Provider done
Event: 0.234 Loading class sun/security/jca/ProviderList$3
Event: 0.235 Loading class sun/security/jca/ProviderList$3 done
Event: 0.235 Loading class sun/security/jca/ProviderList$1
Event: 0.235 Loading class sun/security/jca/ProviderList$1 done
Event: 0.235 Loading class java/security/Provider$ServiceKey
Event: 0.235 Loading class java/security/Provider$ServiceKey done
Event: 0.235 Loading class java/security/Provider$EngineDescription
Event: 0.235 Loading class java/security/Provider$EngineDescription done
Event: 0.235 Loading class jdk/internal/math/FloatingDecimal
Event: 0.235 Loading class jdk/internal/math/FloatingDecimal done

Classes unloaded (0 events):
No events

Classes redefined (0 events):
No events

Internal exceptions (6 events):
Event: 0.114 Thread 0x000001b23191c8f0 Exception <a 'java/lang/NoSuchMethodError'{0x00000000b55009e0}: 'void java.lang.invoke.DirectMethodHandle$Holder.invokeStatic(java.lang.Object, java.lang.Object, java.lang.Object)'> (0x00000000b55009e0) 
thrown [s\open\src\hotspot\share\interpreter\linkResolver.cpp, line 774]
Event: 0.120 Thread 0x000001b23191c8f0 Exception <a 'java/lang/NoSuchMethodError'{0x00000000b5518fd8}: 'java.lang.Object java.lang.invoke.Invokers$Holder.invokeExact_MT(java.lang.Object, java.lang.Object, java.lang.Object, java.lang.Object, java.lang.Object)'> (0x00000000b5518fd8) 
thrown [s\open\src\hotspot\share\interpreter\linkResolver.cpp, line 774]
Event: 0.137 Thread 0x000001b2521f8540 Exception <a 'java/lang/NoSuchMethodError'{0x00000000b554a998}: 'void java.lang.invoke.DirectMethodHandle$Holder.invokeStatic(java.lang.Object, java.lang.Object)'> (0x00000000b554a998) 
thrown [s\open\src\hotspot\share\interpreter\linkResolver.cpp, line 774]
Event: 0.159 Thread 0x000001b23191c8f0 Exception <a 'java/lang/ClassNotFoundException'{0x00000000b55878f8}: sun/awt/resources/spi/awtProvider> (0x00000000b55878f8) 
thrown [s\open\src\hotspot\share\classfile\systemDictionary.cpp, line 255]
Event: 0.194 Thread 0x000001b23191c8f0 Exception <a 'java/io/FileNotFoundException'{0x00000000b55dbda8}> (0x00000000b55dbda8) 
thrown [s\open\src\hotspot\share\prims\jni.cpp, line 517]
Event: 0.204 Thread 0x000001b23191c8f0 Exception <a 'java/io/FileNotFoundException'{0x00000000b5408740}> (0x00000000b5408740) 
thrown [s\open\src\hotspot\share\prims\jni.cpp, line 517]

VM Operations (6 events):
Event: 0.080 Executing VM operation: HandshakeAllThreads
Event: 0.080 Executing VM operation: HandshakeAllThreads done
Event: 0.128 Executing VM operation: HandshakeAllThreads
Event: 0.128 Executing VM operation: HandshakeAllThreads done
Event: 0.147 Executing VM operation: HandshakeAllThreads
Event: 0.147 Executing VM operation: HandshakeAllThreads done

Events (13 events):
Event: 0.024 Thread 0x000001b23191c8f0 Thread added: 0x000001b23191c8f0
Event: 0.041 Thread 0x000001b24dc45430 Thread added: 0x000001b24dc45430
Event: 0.041 Thread 0x000001b24dc46230 Thread added: 0x000001b24dc46230
Event: 0.041 Thread 0x000001b24dc4cba0 Thread added: 0x000001b24dc4cba0
Event: 0.042 Thread 0x000001b24dc536e0 Thread added: 0x000001b24dc536e0
Event: 0.042 Thread 0x000001b24dc54010 Thread added: 0x000001b24dc54010
Event: 0.042 Thread 0x000001b24dc54940 Thread added: 0x000001b24dc54940
Event: 0.042 Thread 0x000001b24dc555a0 Thread added: 0x000001b24dc555a0
Event: 0.043 Thread 0x000001b24dc7ef80 Thread added: 0x000001b24dc7ef80
Event: 0.044 Thread 0x000001b24dcd8e40 Thread added: 0x000001b24dcd8e40
Event: 0.070 Thread 0x000001b24dc1c0d0 Thread added: 0x000001b24dc1c0d0
Event: 0.125 Thread 0x000001b2521f8540 Thread added: 0x000001b2521f8540
Event: 0.125 Thread 0x000001b252153a30 Thread added: 0x000001b252153a30


Dynamic libraries:
0x00007ff629da0000 - 0x00007ff629db0000 	C:\Program Files\Java\jdk-19\bin\java.exe
0x00007ffc107f0000 - 0x00007ffc109e6000 	C:\Windows\SYSTEM32\ntdll.dll
0x00007ffc0efb0000 - 0x00007ffc0f06d000 	C:\Windows\System32\KERNEL32.DLL
0x00007ffc0e150000 - 0x00007ffc0e418000 	C:\Windows\System32\KERNELBASE.dll
0x00007ffc0dfd0000 - 0x00007ffc0e0d0000 	C:\Windows\System32\ucrtbase.dll
0x00007ffbfb2c0000 - 0x00007ffbfb2db000 	C:\Program Files\Java\jdk-19\bin\VCRUNTIME140.dll
0x00007ffbf3f40000 - 0x00007ffbf3f58000 	C:\Program Files\Java\jdk-19\bin\jli.dll
0x00007ffc0f120000 - 0x00007ffc0f1cc000 	C:\Windows\System32\ADVAPI32.dll
0x00007ffc0f080000 - 0x00007ffc0f11e000 	C:\Windows\System32\msvcrt.dll
0x00007ffc0ead0000 - 0x00007ffc0eb6b000 	C:\Windows\System32\sechost.dll
0x00007ffc0f940000 - 0x00007ffc0fa64000 	C:\Windows\System32\RPCRT4.dll
0x00007ffc0ec20000 - 0x00007ffc0edc0000 	C:\Windows\System32\USER32.dll
0x00007ffc0dfa0000 - 0x00007ffc0dfc2000 	C:\Windows\System32\win32u.dll
0x00007ffc0eaa0000 - 0x00007ffc0eaca000 	C:\Windows\System32\GDI32.dll
0x00007ffbfc760000 - 0x00007ffbfc9fb000 	C:\Windows\WinSxS\amd64_microsoft.windows.common-controls_6595b64144ccf1df_6.0.19041.488_none_ca04af081b815d21\COMCTL32.dll
0x00007ffc0e660000 - 0x00007ffc0e769000 	C:\Windows\System32\gdi32full.dll
0x00007ffc0df00000 - 0x00007ffc0df9d000 	C:\Windows\System32\msvcp_win.dll
0x00007ffc07a10000 - 0x00007ffc07a1a000 	C:\Windows\SYSTEM32\VERSION.dll
0x00007ffc0e950000 - 0x00007ffc0e980000 	C:\Windows\System32\IMM32.DLL
0x00007ffc09c50000 - 0x00007ffc09c5c000 	C:\Program Files\Java\jdk-19\bin\vcruntime140_1.dll
0x00007ffbf3eb0000 - 0x00007ffbf3f3e000 	C:\Program Files\Java\jdk-19\bin\msvcp140.dll
0x00007ffbb7770000 - 0x00007ffbb8430000 	C:\Program Files\Java\jdk-19\bin\server\jvm.dll
0x00007ffc050e0000 - 0x00007ffc05107000 	C:\Windows\SYSTEM32\WINMM.dll
0x00007ffbf57e0000 - 0x00007ffbf57e9000 	C:\Windows\SYSTEM32\WSOCK32.dll
0x00007ffc0fa70000 - 0x00007ffc0fadb000 	C:\Windows\System32\WS2_32.dll
0x00007ffc0be50000 - 0x00007ffc0be62000 	C:\Windows\SYSTEM32\kernel.appcore.dll
0x00007ffc09b60000 - 0x00007ffc09b6a000 	C:\Program Files\Java\jdk-19\bin\jimage.dll
0x00007ffbf55b0000 - 0x00007ffbf5794000 	C:\Windows\SYSTEM32\DBGHELP.DLL
0x00007ffbf5580000 - 0x00007ffbf55ac000 	C:\Windows\SYSTEM32\dbgcore.DLL
0x00007ffc0e0d0000 - 0x00007ffc0e14f000 	C:\Windows\System32\bcryptPrimitives.dll
0x00007ffc08750000 - 0x00007ffc0875e000 	C:\Program Files\Java\jdk-19\bin\instrument.dll
0x00007ffbf3e80000 - 0x00007ffbf3ea6000 	C:\Program Files\Java\jdk-19\bin\java.dll
0x00007ffbe4760000 - 0x00007ffbe4837000 	C:\Program Files\Java\jdk-19\bin\jsvml.dll
0x00007ffc0f1d0000 - 0x00007ffc0f911000 	C:\Windows\System32\SHELL32.dll
0x00007ffc0c050000 - 0x00007ffc0c7e5000 	C:\Windows\SYSTEM32\windows.storage.dll
0x00007ffc0fe40000 - 0x00007ffc10195000 	C:\Windows\System32\combase.dll
0x00007ffc0d970000 - 0x00007ffc0d99c000 	C:\Windows\SYSTEM32\Wldp.dll
0x00007ffc0eb70000 - 0x00007ffc0ec1e000 	C:\Windows\System32\SHCORE.dll
0x00007ffc0fd60000 - 0x00007ffc0fdb5000 	C:\Windows\System32\shlwapi.dll
0x00007ffc0de30000 - 0x00007ffc0de56000 	C:\Windows\SYSTEM32\profapi.dll
0x00007ffbf3e60000 - 0x00007ffbf3e78000 	C:\Program Files\Java\jdk-19\bin\zip.dll
0x00007ffbedab0000 - 0x00007ffbedac3000 	C:\Program Files\Java\jdk-19\bin\net.dll
0x00007ffc04fe0000 - 0x00007ffc050e0000 	C:\Windows\SYSTEM32\WINHTTP.dll
0x00007ffc0d6f0000 - 0x00007ffc0d75a000 	C:\Windows\system32\mswsock.dll
0x00007ffbed550000 - 0x00007ffbed566000 	C:\Program Files\Java\jdk-19\bin\nio.dll
0x00007ffbed530000 - 0x00007ffbed54a000 	C:\Program Files\JetBrains\IntelliJ IDEA Community Edition 2022.3.2\bin\breakgen64.dll
0x00007ffbf7b50000 - 0x00007ffbf7b58000 	C:\Program Files\Java\jdk-19\bin\extnet.dll
0x00007ffbe4000000 - 0x00007ffbe4191000 	C:\Program Files\Java\jdk-19\bin\awt.dll
0x00007ffc0fae0000 - 0x00007ffc0fbad000 	C:\Windows\System32\OLEAUT32.dll
0x00007ffc0b7d0000 - 0x00007ffc0b860000 	C:\Windows\SYSTEM32\apphelp.dll

dbghelp: loaded successfully - version: 4.0.5 - missing functions: none
symbol engine: initialized successfully - sym options: 0x614 - pdb path: .;C:\Program Files\Java\jdk-19\bin;C:\Windows\SYSTEM32;C:\Windows\WinSxS\amd64_microsoft.windows.common-controls_6595b64144ccf1df_6.0.19041.488_none_ca04af081b815d21;C:\Program Files\Java\jdk-19\bin\server;C:\Program Files\JetBrains\IntelliJ IDEA Community Edition 2022.3.2\bin

VM Arguments:
jvm_args: -javaagent:C:\Program Files\JetBrains\IntelliJ IDEA Community Edition 2022.3.2\lib\idea_rt.jar=57328:C:\Program Files\JetBrains\IntelliJ IDEA Community Edition 2022.3.2\bin -Dfile.encoding=UTF-8 -Dsun.stdout.encoding=UTF-8 -Dsun.stderr.encoding=UTF-8 
java_command: main.MainClass
java_class_path (initial): D:\JAVAPROG\Kurs3\encodingOfInformation\PlatformerPlay\out\production\PlatformerPlay
Launcher Type: SUN_STANDARD

[Global flags]
     intx CICompilerCount                          = 3                                         {product} {ergonomic}
     uint ConcGCThreads                            = 1                                         {product} {ergonomic}
     uint G1ConcRefinementThreads                  = 4                                         {product} {ergonomic}
   size_t G1HeapRegionSize                         = 1048576                                   {product} {ergonomic}
    uintx GCDrainStackTargetSize                   = 64                                        {product} {ergonomic}
   size_t InitialHeapSize                          = 83886080                                  {product} {ergonomic}
   size_t MarkStackSize                            = 4194304                                   {product} {ergonomic}
   size_t MaxHeapSize                              = 1333788672                                {product} {ergonomic}
   size_t MaxNewSize                               = 800063488                                 {product} {ergonomic}
   size_t MinHeapDeltaBytes                        = 1048576                                   {product} {ergonomic}
   size_t MinHeapSize                              = 8388608                                   {product} {ergonomic}
    uintx NonNMethodCodeHeapSize                   = 5832780                                {pd product} {ergonomic}
    uintx NonProfiledCodeHeapSize                  = 122912730                              {pd product} {ergonomic}
    uintx ProfiledCodeHeapSize                     = 122912730                              {pd product} {ergonomic}
    uintx ReservedCodeCacheSize                    = 251658240                              {pd product} {ergonomic}
     bool SegmentedCodeCache                       = true                                      {product} {ergonomic}
   size_t SoftMaxHeapSize                          = 1333788672                             {manageable} {ergonomic}
     bool UseCompressedClassPointers               = true                           {product lp64_product} {ergonomic}
     bool UseCompressedOops                        = true                           {product lp64_product} {ergonomic}
     bool UseG1GC                                  = true                                      {product} {ergonomic}
     bool UseLargePagesIndividualAllocation        = false                                  {pd product} {ergonomic}

Logging:
Log output configuration:
 #0: stdout all=warning uptime,level,tags foldmultilines=false
 #1: stderr all=off uptime,level,tags foldmultilines=false

Environment Variables:
JAVA_HOME=C:\Program Files\Java\jdk-19
PATH=C:\Program Files\Microsoft MPI\Bin\;C:\Python312\Scripts\;C:\Python312\;C:\Program Files\Common Files\Oracle\Java\javapath;C:\Windows\system32;C:\Windows;C:\Windows\System32\Wbem;C:\Windows\System32\WindowsPowerShell\v1.0\;C:\Windows\System32\OpenSSH\;C:\Program Files (x86)\NVIDIA Corporation\PhysX\Common;C:\Program Files\Microsoft SQL Server\130\Tools\Binn\;C:\Program Files\Microsoft SQL Server\Client SDK\ODBC\170\Tools\Binn\;C:\Program Files\dotnet\;C:\Program Files\Java\jdk-19\bin;C:\Users\Поля\.m2\repository\com\eclipsesource\j2v8\j2v8_win32_x86_64;C:\Program Files\Git\cmd;C:\ProgramData\chocolatey\bin;C:\Program Files\nodejs\;C:\Program Files\Azure Data Studio\bin;C:\Program Files (x86)\Microsoft SQL Server\160\DTS\Binn\;C:\Users\Поля\AppData\Local\Microsoft\WindowsApps;C:\Program Files\JetBrains\PyCharm Community Edition 2020.3.5\bin;C:\Program Files\JetBrains\PyCharm 2020.3.5\bin;C:\Users\Поля\.dotnet\tools;D:\Microsoft VS Code\bin;C:\Users\Поля\.dotnet\tools;C:\Users\Поля\.m2\repository\com\eclipsesource\j2v8\j2v8_win32_x86_64;C:\Program Files\Graphviz\bin;D:\IntelliJ IDEA 2023.2.2\bin;;D:\PyCharm Community Edition 2023.2.1\bin;;C:\Users\Поля\AppData\Roaming\npm;C:\Program Files\Azure Data Studio\bin
USERNAME=Поля
OS=Windows_NT
PROCESSOR_IDENTIFIER=AMD64 Family 23 Model 24 Stepping 1, AuthenticAMD
TMP=C:\Users\DD43~1\AppData\Local\Temp
TEMP=C:\Users\DD43~1\AppData\Local\Temp



---------------  S Y S T E M  ---------------

OS:
 Windows 10 , 64 bit Build 19041 (10.0.19041.546)
OS uptime: 0 days 7:37 hours

CPU: total 4 (initial active 4) (8 cores per cpu, 2 threads per core) family 23 model 24 stepping 1 microcode 0x0, cx8, cmov, fxsr, ht, mmx, 3dnowpref, sse, sse2, sse3, ssse3, sse4a, sse4.1, sse4.2, popcnt, lzcnt, tsc, tscinvbit, avx, avx2, aes, clmul, bmi1, bmi2, adx, sha, fma, vzeroupper, clflush, clflushopt, rdtscp

Memory: 4k page, system-wide physical 5080M (420M free)
TotalPageFile size 9154M (AvailPageFile size 3M)
current process WorkingSet (physical memory assigned to process): 38M, peak: 38M
current process commit charge ("private bytes"): 155M, peak: 155M

vm_info: Java HotSpot(TM) 64-Bit Server VM (19.0.2+7-44) for windows-amd64 JRE (19.0.2+7-44), built on 2022-11-30T18:02:09Z by "mach5one" with MS VC++ 17.1 (VS2022)

END.
