#
# There is insufficient memory for the Java Runtime Environment to continue.
# Native memory allocation (malloc) failed to allocate 830560 bytes for Chunk::new
# Possible reasons:
#   The system is out of physical RAM or swap space
#   The process is running with CompressedOops enabled, and the Java Heap may be blocking the growth of the native heap
# Possible solutions:
#   Reduce memory load on the system
#   Increase physical memory or swap space
#   Check if swap backing store is full
#   Decrease Java heap size (-Xmx/-Xms)
#   Decrease number of Java threads
#   Decrease Java thread stack sizes (-Xss)
#   Set larger code cache with -XX:ReservedCodeCacheSize=
#   JVM is running with Unscaled Compressed Oops mode in which the Java heap is
#     placed in the first 4GB address space. The Java Heap base address is the
#     maximum limit for the native heap growth. Please use -XX:HeapBaseMinAddress
#     to set the Java Heap base and to place the Java Heap above 4GB virtual address.
# This output file may be truncated or incomplete.
#
#  Out of Memory Error (arena.cpp:184), pid=3944, tid=5408
#
# JRE version: Java(TM) SE Runtime Environment (19.0.2+7) (build 19.0.2+7-44)
# Java VM: Java HotSpot(TM) 64-Bit Server VM (19.0.2+7-44, mixed mode, sharing, tiered, compressed oops, compressed class ptrs, g1 gc, windows-amd64)
# No core dump will be written. Minidumps are not enabled by default on client versions of Windows
#

---------------  S U M M A R Y ------------

Command Line: -javaagent:C:\Program Files\JetBrains\IntelliJ IDEA Community Edition 2022.3.2\lib\idea_rt.jar=56874:C:\Program Files\JetBrains\IntelliJ IDEA Community Edition 2022.3.2\bin -Dfile.encoding=UTF-8 -Dsun.stdout.encoding=UTF-8 -Dsun.stderr.encoding=UTF-8 main.MainClass

Host: AMD Ryzen 5 3500U with Radeon Vega Mobile Gfx  , 4 cores, 4G,  Windows 10 , 64 bit Build 19041 (10.0.19041.546)
Time: Sat Dec  9 17:22:10 2023 RTZ 2 (s 10 , 64 bit Build 19041 (10.0.19041.546) elapsed time: 3.402969 seconds (0d 0h 0m 3s)

---------------  T H R E A D  ---------------

Current thread (0x000001b071958dd0):  JavaThread "C2 CompilerThread1" daemon [_thread_in_native, id=5408, stack(0x0000009497400000,0x0000009497500000)]


Current CompileTask:
C2:   3403 1434       4       sun.java2d.pipe.DrawImage::transformImage (124 bytes)

Stack: [0x0000009497400000,0x0000009497500000]
Native frames: (J=compiled Java code, j=interpreted, Vv=VM code, C=native code)
V  [jvm.dll+0x6ee21a]
V  [jvm.dll+0x85765e]
V  [jvm.dll+0x85904e]
V  [jvm.dll+0x859703]
V  [jvm.dll+0x28298f]
V  [jvm.dll+0xc9adf]
V  [jvm.dll+0xc9e65]
V  [jvm.dll+0x3bca4c]
V  [jvm.dll+0x1ee0aa]
V  [jvm.dll+0x24c52b]
V  [jvm.dll+0x24b781]
V  [jvm.dll+0x1d6ce1]
V  [jvm.dll+0x25b25a]
V  [jvm.dll+0x2596e8]
V  [jvm.dll+0x807588]
V  [jvm.dll+0x80125a]
V  [jvm.dll+0x6ecf0b]
C  [ucrtbase.dll+0x214c2]
C  [KERNEL32.DLL+0x17034]
C  [ntdll.dll+0x4cec1]


---------------  P R O C E S S  ---------------

Threads class SMR info:
_java_thread_list=0x000001b076c63150, length=20, elements={
0x000001b06c734f50, 0x000001b06c735d40, 0x000001b06c73d420, 0x000001b06c73f0c0,
0x000001b06c740190, 0x000001b06c7413a0, 0x000001b06c745de0, 0x000001b06c749040,
0x000001b06c75e210, 0x000001b070968310, 0x000001b070af76b0, 0x000001b070af7bf0,
0x000001b070be6780, 0x000001b071f801d0, 0x000001b071b147b0, 0x000001b0722eb2c0,
0x000001b076e2e1b0, 0x000001b076c8d520, 0x000001b076c8e510, 0x000001b071958dd0
}

Java Threads: ( => current thread )
  0x000001b06c734f50 JavaThread "Reference Handler" daemon [_thread_blocked, id=11584, stack(0x0000009496600000,0x0000009496700000)]
  0x000001b06c735d40 JavaThread "Finalizer" daemon [_thread_blocked, id=8808, stack(0x0000009496700000,0x0000009496800000)]
  0x000001b06c73d420 JavaThread "Signal Dispatcher" daemon [_thread_blocked, id=13944, stack(0x0000009496800000,0x0000009496900000)]
  0x000001b06c73f0c0 JavaThread "Attach Listener" daemon [_thread_blocked, id=11540, stack(0x0000009496900000,0x0000009496a00000)]
  0x000001b06c740190 JavaThread "Service Thread" daemon [_thread_blocked, id=2684, stack(0x0000009496a00000,0x0000009496b00000)]
  0x000001b06c7413a0 JavaThread "Monitor Deflation Thread" daemon [_thread_blocked, id=9212, stack(0x0000009496b00000,0x0000009496c00000)]
  0x000001b06c745de0 JavaThread "C2 CompilerThread0" daemon [_thread_in_native, id=5128, stack(0x0000009496c00000,0x0000009496d00000)]
  0x000001b06c749040 JavaThread "C1 CompilerThread0" daemon [_thread_blocked, id=13900, stack(0x0000009496d00000,0x0000009496e00000)]
  0x000001b06c75e210 JavaThread "Sweeper thread" daemon [_thread_blocked, id=3000, stack(0x0000009496e00000,0x0000009496f00000)]
  0x000001b070968310 JavaThread "Common-Cleaner" daemon [_thread_blocked, id=9080, stack(0x0000009496f00000,0x0000009497000000)]
  0x000001b070af76b0 JavaThread "Monitor Ctrl-Break" daemon [_thread_in_native, id=3588, stack(0x0000009497000000,0x0000009497100000)]
  0x000001b070af7bf0 JavaThread "Notification Thread" daemon [_thread_blocked, id=9492, stack(0x0000009497100000,0x0000009497200000)]
  0x000001b070be6780 JavaThread "Java2D Disposer" daemon [_thread_blocked, id=8160, stack(0x0000009497300000,0x0000009497400000)]
  0x000001b071f801d0 JavaThread "AWT-Shutdown" [_thread_blocked, id=2656, stack(0x0000009497900000,0x0000009497a00000)]
  0x000001b071b147b0 JavaThread "AWT-Windows" daemon [_thread_in_native, id=13608, stack(0x0000009497800000,0x0000009497900000)]
  0x000001b0722eb2c0 JavaThread "AWT-EventQueue-0" [_thread_in_native, id=6220, stack(0x0000009498000000,0x0000009498100000)]
  0x000001b076e2e1b0 JavaThread "Thread-0" [_thread_in_Java, id=3064, stack(0x0000009498100000,0x0000009498200000)]
  0x000001b076c8d520 JavaThread "DestroyJavaVM" [_thread_blocked, id=2824, stack(0x0000009495f00000,0x0000009496000000)]
  0x000001b076c8e510 JavaThread "D3D Screen Updater" daemon [_thread_blocked, id=10748, stack(0x0000009498200000,0x0000009498300000)]
=>0x000001b071958dd0 JavaThread "C2 CompilerThread1" daemon [_thread_in_native, id=5408, stack(0x0000009497400000,0x0000009497500000)]

Other Threads:
  0x000001b06c71b570 VMThread "VM Thread" [stack: 0x0000009496500000,0x0000009496600000] [id=13044]
  0x000001b070a4d480 WatcherThread "VM Periodic Task Thread" [stack: 0x0000009497200000,0x0000009497300000] [id=11988]
  0x000001b050452ed0 WorkerThread "GC Thread#0" [stack: 0x0000009496000000,0x0000009496100000] [id=8912]
  0x000001b071219710 WorkerThread "GC Thread#1" [stack: 0x0000009497500000,0x0000009497600000] [id=9124]
  0x000001b071219c80 WorkerThread "GC Thread#2" [stack: 0x0000009497600000,0x0000009497700000] [id=8480]
  0x000001b071da79f0 WorkerThread "GC Thread#3" [stack: 0x0000009497700000,0x0000009497800000] [id=2712]
  0x000001b05045ecf0 ConcurrentGCThread "G1 Main Marker" [stack: 0x0000009496100000,0x0000009496200000] [id=8040]
  0x000001b05045fec0 WorkerThread "G1 Conc#0" [stack: 0x0000009496200000,0x0000009496300000] [id=9580]
  0x000001b0504caa90 ConcurrentGCThread "G1 Refine#0" [stack: 0x0000009496300000,0x0000009496400000] [id=8880]
  0x000001b0504cb5d0 ConcurrentGCThread "G1 Service" [stack: 0x0000009496400000,0x0000009496500000] [id=11632]

Threads with active compile tasks:
C2 CompilerThread0     3427 1435       4       sun.java2d.pipe.DrawImage::tryCopyOrScale (260 bytes)
C2 CompilerThread1     3428 1434       4       sun.java2d.pipe.DrawImage::transformImage (124 bytes)

VM state: not at safepoint (normal execution)

VM Mutex/Monitor currently owned by a thread: None

Heap address: 0x00000000b0800000, size: 1272 MB, Compressed Oops mode: 32-bit

CDS archive(s) mapped at: [0x0000000800000000-0x0000000800c40000-0x0000000800c40000), size 12845056, SharedBaseAddress: 0x0000000800000000, ArchiveRelocationMode: 0.
Compressed class space mapped at: 0x0000000801000000-0x0000000841000000, reserved size: 1073741824
Narrow klass base: 0x0000000800000000, Narrow klass shift: 0, Narrow klass range: 0x100000000

GC Precious Log:
 CardTable entry size: 512
 Card Set container configuration: InlinePtr #cards 5 size 8 Array Of Cards #cards 12 size 40 Howl #buckets 4 coarsen threshold 1843 Howl Bitmap #cards 512 size 80 coarsen threshold 460 Card regions per heap region 1 cards per card region 2048
 CPUs: 4 total, 4 available
 Memory: 5080M
 Large Page Support: Disabled
 NUMA Support: Disabled
 Compressed Oops: Enabled (32-bit)
 Heap Region Size: 1M
 Heap Min Capacity: 8M
 Heap Initial Capacity: 80M
 Heap Max Capacity: 1272M
 Pre-touch: Disabled
 Parallel Workers: 4
 Concurrent Workers: 1
 Concurrent Refinement Workers: 4
 Periodic GC: Disabled

Heap:
 garbage-first heap   total 81920K, used 28341K [0x00000000b0800000, 0x0000000100000000)
  region size 1024K, 15 young (15360K), 2 survivors (2048K)
 Metaspace       used 8651K, committed 8896K, reserved 1114112K
  class space    used 883K, committed 1024K, reserved 1048576K

Heap Regions: E=young(eden), S=young(survivor), O=old, HS=humongous(starts), HC=humongous(continues), CS=collection set, F=free, OA=open archive, CA=closed archive, TAMS=top-at-mark-start (previous, next)
|   0|0x00000000b0800000, 0x00000000b0900000, 0x00000000b0900000|100%|HS|  |TAMS 0x00000000b0800000, 0x00000000b0800000| Complete 
|   1|0x00000000b0900000, 0x00000000b0a00000, 0x00000000b0a00000|100%|HC|  |TAMS 0x00000000b0900000, 0x00000000b0900000| Complete 
|   2|0x00000000b0a00000, 0x00000000b0b00000, 0x00000000b0b00000|100%|HC|  |TAMS 0x00000000b0a00000, 0x00000000b0a00000| Complete 
|   3|0x00000000b0b00000, 0x00000000b0c00000, 0x00000000b0c00000|100%|HC|  |TAMS 0x00000000b0b00000, 0x00000000b0b00000| Complete 
|   4|0x00000000b0c00000, 0x00000000b0d00000, 0x00000000b0d00000|100%|HC|  |TAMS 0x00000000b0c00000, 0x00000000b0c00000| Complete 
|   5|0x00000000b0d00000, 0x00000000b0e00000, 0x00000000b0e00000|100%|HC|  |TAMS 0x00000000b0d00000, 0x00000000b0d00000| Complete 
|   6|0x00000000b0e00000, 0x00000000b0f00000, 0x00000000b0f00000|100%|HS|  |TAMS 0x00000000b0e00000, 0x00000000b0e00000| Complete 
|   7|0x00000000b0f00000, 0x00000000b1000000, 0x00000000b1000000|100%| O|  |TAMS 0x00000000b0f00000, 0x00000000b0f00000| Untracked 
|   8|0x00000000b1000000, 0x00000000b10ad400, 0x00000000b1100000| 67%| O|  |TAMS 0x00000000b1000000, 0x00000000b1000000| Untracked 
|   9|0x00000000b1100000, 0x00000000b1200000, 0x00000000b1200000|100%|HS|  |TAMS 0x00000000b1100000, 0x00000000b1100000| Complete 
|  10|0x00000000b1200000, 0x00000000b1300000, 0x00000000b1300000|100%|HC|  |TAMS 0x00000000b1200000, 0x00000000b1200000| Complete 
|  11|0x00000000b1300000, 0x00000000b1400000, 0x00000000b1400000|100%|HC|  |TAMS 0x00000000b1300000, 0x00000000b1300000| Complete 
|  12|0x00000000b1400000, 0x00000000b1500000, 0x00000000b1500000|100%|HC|  |TAMS 0x00000000b1400000, 0x00000000b1400000| Complete 
|  13|0x00000000b1500000, 0x00000000b1600000, 0x00000000b1600000|100%|HC|  |TAMS 0x00000000b1500000, 0x00000000b1500000| Complete 
|  14|0x00000000b1600000, 0x00000000b1700000, 0x00000000b1700000|100%|HC|  |TAMS 0x00000000b1600000, 0x00000000b1600000| Complete 
|  15|0x00000000b1700000, 0x00000000b1700000, 0x00000000b1800000|  0%| F|  |TAMS 0x00000000b1700000, 0x00000000b1700000| Untracked 
|  16|0x00000000b1800000, 0x00000000b1800000, 0x00000000b1900000|  0%| F|  |TAMS 0x00000000b1800000, 0x00000000b1800000| Untracked 
|  17|0x00000000b1900000, 0x00000000b1900000, 0x00000000b1a00000|  0%| F|  |TAMS 0x00000000b1900000, 0x00000000b1900000| Untracked 
|  18|0x00000000b1a00000, 0x00000000b1a00000, 0x00000000b1b00000|  0%| F|  |TAMS 0x00000000b1a00000, 0x00000000b1a00000| Untracked 
|  19|0x00000000b1b00000, 0x00000000b1b00000, 0x00000000b1c00000|  0%| F|  |TAMS 0x00000000b1b00000, 0x00000000b1b00000| Untracked 
|  20|0x00000000b1c00000, 0x00000000b1c00000, 0x00000000b1d00000|  0%| F|  |TAMS 0x00000000b1c00000, 0x00000000b1c00000| Untracked 
|  21|0x00000000b1d00000, 0x00000000b1d00000, 0x00000000b1e00000|  0%| F|  |TAMS 0x00000000b1d00000, 0x00000000b1d00000| Untracked 
|  22|0x00000000b1e00000, 0x00000000b1e00000, 0x00000000b1f00000|  0%| F|  |TAMS 0x00000000b1e00000, 0x00000000b1e00000| Untracked 
|  23|0x00000000b1f00000, 0x00000000b1f00000, 0x00000000b2000000|  0%| F|  |TAMS 0x00000000b1f00000, 0x00000000b1f00000| Untracked 
|  24|0x00000000b2000000, 0x00000000b2000000, 0x00000000b2100000|  0%| F|  |TAMS 0x00000000b2000000, 0x00000000b2000000| Untracked 
|  25|0x00000000b2100000, 0x00000000b2100000, 0x00000000b2200000|  0%| F|  |TAMS 0x00000000b2100000, 0x00000000b2100000| Untracked 
|  26|0x00000000b2200000, 0x00000000b2200000, 0x00000000b2300000|  0%| F|  |TAMS 0x00000000b2200000, 0x00000000b2200000| Untracked 
|  27|0x00000000b2300000, 0x00000000b2300000, 0x00000000b2400000|  0%| F|  |TAMS 0x00000000b2300000, 0x00000000b2300000| Untracked 
|  28|0x00000000b2400000, 0x00000000b2400000, 0x00000000b2500000|  0%| F|  |TAMS 0x00000000b2400000, 0x00000000b2400000| Untracked 
|  29|0x00000000b2500000, 0x00000000b2500000, 0x00000000b2600000|  0%| F|  |TAMS 0x00000000b2500000, 0x00000000b2500000| Untracked 
|  30|0x00000000b2600000, 0x00000000b2600000, 0x00000000b2700000|  0%| F|  |TAMS 0x00000000b2600000, 0x00000000b2600000| Untracked 
|  31|0x00000000b2700000, 0x00000000b2700000, 0x00000000b2800000|  0%| F|  |TAMS 0x00000000b2700000, 0x00000000b2700000| Untracked 
|  32|0x00000000b2800000, 0x00000000b2800000, 0x00000000b2900000|  0%| F|  |TAMS 0x00000000b2800000, 0x00000000b2800000| Untracked 
|  33|0x00000000b2900000, 0x00000000b2900000, 0x00000000b2a00000|  0%| F|  |TAMS 0x00000000b2900000, 0x00000000b2900000| Untracked 
|  34|0x00000000b2a00000, 0x00000000b2a00000, 0x00000000b2b00000|  0%| F|  |TAMS 0x00000000b2a00000, 0x00000000b2a00000| Untracked 
|  35|0x00000000b2b00000, 0x00000000b2b00000, 0x00000000b2c00000|  0%| F|  |TAMS 0x00000000b2b00000, 0x00000000b2b00000| Untracked 
|  36|0x00000000b2c00000, 0x00000000b2c00000, 0x00000000b2d00000|  0%| F|  |TAMS 0x00000000b2c00000, 0x00000000b2c00000| Untracked 
|  37|0x00000000b2d00000, 0x00000000b2d00000, 0x00000000b2e00000|  0%| F|  |TAMS 0x00000000b2d00000, 0x00000000b2d00000| Untracked 
|  38|0x00000000b2e00000, 0x00000000b2e00000, 0x00000000b2f00000|  0%| F|  |TAMS 0x00000000b2e00000, 0x00000000b2e00000| Untracked 
|  39|0x00000000b2f00000, 0x00000000b2f00000, 0x00000000b3000000|  0%| F|  |TAMS 0x00000000b2f00000, 0x00000000b2f00000| Untracked 
|  40|0x00000000b3000000, 0x00000000b3000000, 0x00000000b3100000|  0%| F|  |TAMS 0x00000000b3000000, 0x00000000b3000000| Untracked 
|  41|0x00000000b3100000, 0x00000000b3100000, 0x00000000b3200000|  0%| F|  |TAMS 0x00000000b3100000, 0x00000000b3100000| Untracked 
|  42|0x00000000b3200000, 0x00000000b3200000, 0x00000000b3300000|  0%| F|  |TAMS 0x00000000b3200000, 0x00000000b3200000| Untracked 
|  43|0x00000000b3300000, 0x00000000b3300000, 0x00000000b3400000|  0%| F|  |TAMS 0x00000000b3300000, 0x00000000b3300000| Untracked 
|  44|0x00000000b3400000, 0x00000000b3400000, 0x00000000b3500000|  0%| F|  |TAMS 0x00000000b3400000, 0x00000000b3400000| Untracked 
|  45|0x00000000b3500000, 0x00000000b3500000, 0x00000000b3600000|  0%| F|  |TAMS 0x00000000b3500000, 0x00000000b3500000| Untracked 
|  46|0x00000000b3600000, 0x00000000b3600000, 0x00000000b3700000|  0%| F|  |TAMS 0x00000000b3600000, 0x00000000b3600000| Untracked 
|  47|0x00000000b3700000, 0x00000000b3700000, 0x00000000b3800000|  0%| F|  |TAMS 0x00000000b3700000, 0x00000000b3700000| Untracked 
|  48|0x00000000b3800000, 0x00000000b3800000, 0x00000000b3900000|  0%| F|  |TAMS 0x00000000b3800000, 0x00000000b3800000| Untracked 
|  49|0x00000000b3900000, 0x00000000b3900000, 0x00000000b3a00000|  0%| F|  |TAMS 0x00000000b3900000, 0x00000000b3900000| Untracked 
|  50|0x00000000b3a00000, 0x00000000b3a00000, 0x00000000b3b00000|  0%| F|  |TAMS 0x00000000b3a00000, 0x00000000b3a00000| Untracked 
|  51|0x00000000b3b00000, 0x00000000b3b00000, 0x00000000b3c00000|  0%| F|  |TAMS 0x00000000b3b00000, 0x00000000b3b00000| Untracked 
|  52|0x00000000b3c00000, 0x00000000b3c00000, 0x00000000b3d00000|  0%| F|  |TAMS 0x00000000b3c00000, 0x00000000b3c00000| Untracked 
|  53|0x00000000b3d00000, 0x00000000b3d00000, 0x00000000b3e00000|  0%| F|  |TAMS 0x00000000b3d00000, 0x00000000b3d00000| Untracked 
|  54|0x00000000b3e00000, 0x00000000b3e00000, 0x00000000b3f00000|  0%| F|  |TAMS 0x00000000b3e00000, 0x00000000b3e00000| Untracked 
|  55|0x00000000b3f00000, 0x00000000b3f00000, 0x00000000b4000000|  0%| F|  |TAMS 0x00000000b3f00000, 0x00000000b3f00000| Untracked 
|  56|0x00000000b4000000, 0x00000000b4000000, 0x00000000b4100000|  0%| F|  |TAMS 0x00000000b4000000, 0x00000000b4000000| Untracked 
|  57|0x00000000b4100000, 0x00000000b4100000, 0x00000000b4200000|  0%| F|  |TAMS 0x00000000b4100000, 0x00000000b4100000| Untracked 
|  58|0x00000000b4200000, 0x00000000b4200000, 0x00000000b4300000|  0%| F|  |TAMS 0x00000000b4200000, 0x00000000b4200000| Untracked 
|  59|0x00000000b4300000, 0x00000000b4300000, 0x00000000b4400000|  0%| F|  |TAMS 0x00000000b4300000, 0x00000000b4300000| Untracked 
|  60|0x00000000b4400000, 0x00000000b4400000, 0x00000000b4500000|  0%| F|  |TAMS 0x00000000b4400000, 0x00000000b4400000| Untracked 
|  61|0x00000000b4500000, 0x00000000b4500000, 0x00000000b4600000|  0%| F|  |TAMS 0x00000000b4500000, 0x00000000b4500000| Untracked 
|  62|0x00000000b4600000, 0x00000000b4600000, 0x00000000b4700000|  0%| F|  |TAMS 0x00000000b4600000, 0x00000000b4600000| Untracked 
|  63|0x00000000b4700000, 0x00000000b4700000, 0x00000000b4800000|  0%| F|  |TAMS 0x00000000b4700000, 0x00000000b4700000| Untracked 
|  64|0x00000000b4800000, 0x00000000b4800000, 0x00000000b4900000|  0%| F|  |TAMS 0x00000000b4800000, 0x00000000b4800000| Untracked 
|  65|0x00000000b4900000, 0x00000000b4a00000, 0x00000000b4a00000|100%| S|CS|TAMS 0x00000000b4900000, 0x00000000b4900000| Complete 
|  66|0x00000000b4a00000, 0x00000000b4b00000, 0x00000000b4b00000|100%| S|CS|TAMS 0x00000000b4a00000, 0x00000000b4a00000| Complete 
|  67|0x00000000b4b00000, 0x00000000b4b4d5c8, 0x00000000b4c00000| 30%| E|  |TAMS 0x00000000b4b00000, 0x00000000b4b00000| Complete 
|  68|0x00000000b4c00000, 0x00000000b4d00000, 0x00000000b4d00000|100%| E|CS|TAMS 0x00000000b4c00000, 0x00000000b4c00000| Complete 
|  69|0x00000000b4d00000, 0x00000000b4e00000, 0x00000000b4e00000|100%| E|CS|TAMS 0x00000000b4d00000, 0x00000000b4d00000| Complete 
|  70|0x00000000b4e00000, 0x00000000b4f00000, 0x00000000b4f00000|100%| E|CS|TAMS 0x00000000b4e00000, 0x00000000b4e00000| Complete 
|  71|0x00000000b4f00000, 0x00000000b5000000, 0x00000000b5000000|100%| E|  |TAMS 0x00000000b4f00000, 0x00000000b4f00000| Complete 
|  72|0x00000000b5000000, 0x00000000b5100000, 0x00000000b5100000|100%| E|CS|TAMS 0x00000000b5000000, 0x00000000b5000000| Complete 
|  73|0x00000000b5100000, 0x00000000b5200000, 0x00000000b5200000|100%| E|CS|TAMS 0x00000000b5100000, 0x00000000b5100000| Complete 
|  74|0x00000000b5200000, 0x00000000b5300000, 0x00000000b5300000|100%| E|CS|TAMS 0x00000000b5200000, 0x00000000b5200000| Complete 
|  75|0x00000000b5300000, 0x00000000b5400000, 0x00000000b5400000|100%| E|CS|TAMS 0x00000000b5300000, 0x00000000b5300000| Complete 
|  76|0x00000000b5400000, 0x00000000b5500000, 0x00000000b5500000|100%| E|CS|TAMS 0x00000000b5400000, 0x00000000b5400000| Complete 
|  77|0x00000000b5500000, 0x00000000b5600000, 0x00000000b5600000|100%| E|CS|TAMS 0x00000000b5500000, 0x00000000b5500000| Complete 
|  78|0x00000000b5600000, 0x00000000b5700000, 0x00000000b5700000|100%| E|CS|TAMS 0x00000000b5600000, 0x00000000b5600000| Complete 
|  79|0x00000000b5700000, 0x00000000b5800000, 0x00000000b5800000|100%| E|CS|TAMS 0x00000000b5700000, 0x00000000b5700000| Complete 

Card table byte_map: [0x000001b067600000,0x000001b067880000] _byte_map_base: 0x000001b06707c000

Marking Bits (Prev, Next): (CMBitMap*) 0x000001b050454320, (CMBitMap*) 0x000001b050454360
 Prev Bits: [0x000001b067b00000, 0x000001b068ee0000)
 Next Bits: [0x000001b068ee0000, 0x000001b06a2c0000)

Polling page: 0x000001b04e3a0000

Metaspace:

Usage:
  Non-class:      7.59 MB used.
      Class:    883.30 KB used.
       Both:      8.45 MB used.

Virtual space:
  Non-class space:       64.00 MB reserved,       7.69 MB ( 12%) committed,  1 nodes.
      Class space:        1.00 GB reserved,       1.00 MB ( <1%) committed,  1 nodes.
             Both:        1.06 GB reserved,       8.69 MB ( <1%) committed. 

Chunk freelists:
   Non-Class:  205.00 KB
       Class:  3.04 MB
        Both:  3.24 MB

MaxMetaspaceSize: unlimited
CompressedClassSpaceSize: 1.00 GB
Initial GC threshold: 21.00 MB
Current GC threshold: 21.00 MB
CDS: on
MetaspaceReclaimPolicy: balanced
 - commit_granule_bytes: 65536.
 - commit_granule_words: 8192.
 - virtual_space_node_default_size: 8388608.
 - enlarge_chunks_in_place: 1.
 - new_chunks_are_fully_committed: 0.
 - uncommit_free_chunks: 1.
 - use_allocation_guard: 0.


Internal statistics:

num_allocs_failed_limit: 0.
num_arena_births: 172.
num_arena_deaths: 0.
num_vsnodes_births: 2.
num_vsnodes_deaths: 0.
num_space_committed: 139.
num_space_uncommitted: 0.
num_chunks_returned_to_freelist: 0.
num_chunks_taken_from_freelist: 203.
num_chunk_merges: 0.
num_chunk_splits: 136.
num_chunks_enlarged: 87.
num_inconsistent_stats: 0.

CodeHeap 'non-profiled nmethods': size=120000Kb used=547Kb max_used=547Kb free=119452Kb
 bounds [0x000001b05fe50000, 0x000001b0600c0000, 0x000001b067380000]
CodeHeap 'profiled nmethods': size=120000Kb used=2226Kb max_used=2226Kb free=117773Kb
 bounds [0x000001b058380000, 0x000001b0585f0000, 0x000001b05f8b0000]
CodeHeap 'non-nmethods': size=5760Kb used=1371Kb max_used=1467Kb free=4388Kb
 bounds [0x000001b05f8b0000, 0x000001b05fb20000, 0x000001b05fe50000]
 total_blobs=2100 nmethods=1480 adapters=531
 compilation: enabled
              stopped_count=0, restarted_count=0
 full_count=0

Compilation events (20 events):
Event: 3.388 Thread 0x000001b06c749040 1476       3       java.io.BufferedWriter::implWrite (100 bytes)
Event: 3.389 Thread 0x000001b06c749040 nmethod 1476 0x000001b0585a4d90 code [0x000001b0585a4fa0, 0x000001b0585a54b8]
Event: 3.389 Thread 0x000001b06c749040 1475   !   3       java.io.BufferedWriter::write (82 bytes)
Event: 3.389 Thread 0x000001b06c749040 nmethod 1475 0x000001b0585a5710 code [0x000001b0585a59a0, 0x000001b0585a6858]
Event: 3.389 Thread 0x000001b06c749040 1477       3       java.io.BufferedWriter::growIfNeeded (63 bytes)
Event: 3.390 Thread 0x000001b06c749040 nmethod 1477 0x000001b0585a6d10 code [0x000001b0585a6ec0, 0x000001b0585a71c8]
Event: 3.390 Thread 0x000001b06c749040 1478       3       java.io.BufferedWriter::min (9 bytes)
Event: 3.390 Thread 0x000001b06c749040 nmethod 1478 0x000001b0585a7290 code [0x000001b0585a7440, 0x000001b0585a75b8]
Event: 3.394 Thread 0x000001b06c749040 1479       1       java.lang.Module::getName (5 bytes)
Event: 3.394 Thread 0x000001b06c749040 nmethod 1479 0x000001b05fed8990 code [0x000001b05fed8b20, 0x000001b05fed8bd8]
Event: 3.398 Thread 0x000001b06c749040 1480       3       java.nio.CharBuffer::position (6 bytes)
Event: 3.398 Thread 0x000001b06c749040 nmethod 1480 0x000001b0585a7690 code [0x000001b0585a7840, 0x000001b0585a79e8]
Event: 3.398 Thread 0x000001b06c749040 1481       3       java.nio.ByteBuffer::array (35 bytes)
Event: 3.398 Thread 0x000001b06c749040 nmethod 1481 0x000001b0585a7a90 code [0x000001b0585a7c60, 0x000001b0585a7ed8]
Event: 3.398 Thread 0x000001b06c749040 1482       3       java.nio.Buffer::remaining (20 bytes)
Event: 3.398 Thread 0x000001b06c749040 nmethod 1482 0x000001b0585a8010 code [0x000001b0585a81c0, 0x000001b0585a8358]
Event: 3.398 Thread 0x000001b06c749040 1483       3       java.io.PrintStream::ensureOpen (18 bytes)
Event: 3.398 Thread 0x000001b06c749040 nmethod 1483 0x000001b0585a8410 code [0x000001b0585a85c0, 0x000001b0585a87c8]
Event: 3.398 Thread 0x000001b06c749040 1484       3       java.io.OutputStream::flush (1 bytes)
Event: 3.398 Thread 0x000001b06c749040 nmethod 1484 0x000001b0585a8890 code [0x000001b0585a8a20, 0x000001b0585a8b38]

GC Heap History (2 events):
Event: 0.745 GC heap before
{Heap before GC invocations=0 (full 0):
 garbage-first heap   total 81920K, used 19456K [0x00000000b0800000, 0x0000000100000000)
  region size 1024K, 13 young (13312K), 0 survivors (0K)
 Metaspace       used 3343K, committed 3520K, reserved 1114112K
  class space    used 307K, committed 384K, reserved 1048576K
}
Event: 0.751 GC heap after
{Heap after GC invocations=1 (full 0):
 garbage-first heap   total 81920K, used 10933K [0x00000000b0800000, 0x0000000100000000)
  region size 1024K, 2 young (2048K), 2 survivors (2048K)
 Metaspace       used 3343K, committed 3520K, reserved 1114112K
  class space    used 307K, committed 384K, reserved 1048576K
}

Dll operation events (13 events):
Event: 0.009 Loaded shared library C:\Program Files\Java\jdk-19\bin\java.dll
Event: 0.020 Loaded shared library C:\Program Files\Java\jdk-19\bin\jsvml.dll
Event: 0.111 Loaded shared library C:\Program Files\Java\jdk-19\bin\zip.dll
Event: 0.115 Loaded shared library C:\Program Files\Java\jdk-19\bin\instrument.dll
Event: 0.124 Loaded shared library C:\Program Files\Java\jdk-19\bin\net.dll
Event: 0.127 Loaded shared library C:\Program Files\Java\jdk-19\bin\nio.dll
Event: 0.133 Loaded shared library C:\Program Files\Java\jdk-19\bin\zip.dll
Event: 0.151 Loaded shared library C:\Program Files\JetBrains\IntelliJ IDEA Community Edition 2022.3.2\bin\breakgen64.dll
Event: 0.162 Loaded shared library C:\Program Files\Java\jdk-19\bin\extnet.dll
Event: 0.162 Loaded shared library C:\Program Files\Java\jdk-19\bin\jimage.dll
Event: 0.190 Loaded shared library C:\Program Files\Java\jdk-19\bin\awt.dll
Event: 1.405 Loaded shared library C:\Program Files\Java\jdk-19\bin\freetype.dll
Event: 1.408 Loaded shared library C:\Program Files\Java\jdk-19\bin\fontmanager.dll

Deoptimization events (20 events):
Event: 1.127 Thread 0x000001b06c73f0c0 Uncommon trap: trap_request=0xffffff45 fr.pc=0x000001b05fe872d8 relative=0x0000000000000138
Event: 1.127 Thread 0x000001b06c73f0c0 Uncommon trap: reason=unstable_if action=reinterpret pc=0x000001b05fe872d8 method=java.util.concurrent.locks.ReentrantLock$NonfairSync.initialTryLock()Z @ 10 c2
Event: 1.127 Thread 0x000001b06c73f0c0 DEOPT PACKING pc=0x000001b05fe872d8 sp=0x00000094969ff2b0
Event: 1.127 Thread 0x000001b06c73f0c0 DEOPT UNPACKING pc=0x000001b05f916da3 sp=0x00000094969ff258 mode 2
Event: 1.127 Thread 0x000001b06c73f0c0 Uncommon trap: trap_request=0xffffff45 fr.pc=0x000001b05fe875dc relative=0x00000000000000bc
Event: 1.127 Thread 0x000001b06c73f0c0 Uncommon trap: reason=unstable_if action=reinterpret pc=0x000001b05fe875dc method=java.util.concurrent.locks.ReentrantLock$Sync.tryRelease(I)Z @ 26 c2
Event: 1.127 Thread 0x000001b06c73f0c0 DEOPT PACKING pc=0x000001b05fe875dc sp=0x00000094969ff2b0
Event: 1.127 Thread 0x000001b06c73f0c0 DEOPT UNPACKING pc=0x000001b05f916da3 sp=0x00000094969ff250 mode 2
Event: 1.473 Thread 0x000001b0504100f0 Uncommon trap: trap_request=0xffffff45 fr.pc=0x000001b05fe75f98 relative=0x0000000000000158
Event: 1.473 Thread 0x000001b0504100f0 Uncommon trap: reason=unstable_if action=reinterpret pc=0x000001b05fe75f98 method=java.lang.invoke.VarHandle.checkAccessModeThenIsDirect(Ljava/lang/invoke/VarHandle$AccessDescriptor;)Z @ 4 c2
Event: 1.473 Thread 0x000001b0504100f0 DEOPT PACKING pc=0x000001b05fe75f98 sp=0x0000009495fff120
Event: 1.473 Thread 0x000001b0504100f0 DEOPT UNPACKING pc=0x000001b05f916da3 sp=0x0000009495fff058 mode 2
Event: 1.851 Thread 0x000001b076e2e1b0 DEOPT PACKING pc=0x000001b0584ff538 sp=0x00000094981ff1d0
Event: 1.851 Thread 0x000001b076e2e1b0 DEOPT UNPACKING pc=0x000001b05f917543 sp=0x00000094981fe6e8 mode 0
Event: 2.553 Thread 0x000001b076e2e1b0 Uncommon trap: trap_request=0xffffff45 fr.pc=0x000001b05fea1778 relative=0x0000000000000278
Event: 2.553 Thread 0x000001b076e2e1b0 Uncommon trap: reason=unstable_if action=reinterpret pc=0x000001b05fea1778 method=main.Game.run()V @ 118 c2
Event: 2.553 Thread 0x000001b076e2e1b0 DEOPT PACKING pc=0x000001b05fea1778 sp=0x00000094981ff270
Event: 2.553 Thread 0x000001b076e2e1b0 DEOPT UNPACKING pc=0x000001b05f916da3 sp=0x00000094981ff1f0 mode 2
Event: 2.573 Thread 0x000001b076e2e1b0 DEOPT PACKING pc=0x000001b05855ec20 sp=0x00000094981ff090
Event: 2.573 Thread 0x000001b076e2e1b0 DEOPT UNPACKING pc=0x000001b05f917543 sp=0x00000094981fe6e8 mode 0

Classes loaded (20 events):
Event: 2.361 Loading class java/awt/Toolkit$SelectiveAWTEventListener
Event: 2.362 Loading class java/awt/Toolkit$SelectiveAWTEventListener done
Event: 2.362 Loading class java/awt/Toolkit$ToolkitEventMulticaster
Event: 2.362 Loading class java/awt/Toolkit$ToolkitEventMulticaster done
Event: 2.362 Loading class java/awt/event/ContainerEvent
Event: 2.362 Loading class java/awt/event/ContainerEvent done
Event: 3.313 Loading class java/awt/image/BufferedImageOp
Event: 3.313 Loading class java/awt/image/BufferedImageOp done
Event: 3.355 Loading class java/lang/ArrayIndexOutOfBoundsException
Event: 3.355 Loading class java/lang/IndexOutOfBoundsException
Event: 3.355 Loading class java/lang/IndexOutOfBoundsException done
Event: 3.355 Loading class java/lang/ArrayIndexOutOfBoundsException done
Event: 3.355 Loading class java/lang/InterruptedException
Event: 3.355 Loading class java/lang/InterruptedException done
Event: 3.356 Loading class java/lang/Throwable$WrappedPrintStream
Event: 3.356 Loading class java/lang/Throwable$PrintStreamOrWriter
Event: 3.356 Loading class java/lang/Throwable$PrintStreamOrWriter done
Event: 3.356 Loading class java/lang/Throwable$WrappedPrintStream done
Event: 3.356 Loading class java/lang/StackTraceElement$HashedModules
Event: 3.356 Loading class java/lang/StackTraceElement$HashedModules done

Classes unloaded (0 events):
No events

Classes redefined (0 events):
No events

Internal exceptions (20 events):
Event: 0.213 Thread 0x000001b0504100f0 Exception <a 'java/io/FileNotFoundException'{0x00000000b5409690}> (0x00000000b5409690) 
thrown [s\open\src\hotspot\share\prims\jni.cpp, line 517]
Event: 0.252 Thread 0x000001b0504100f0 Exception <a 'java/lang/NoSuchMethodError'{0x00000000b5480790}: 'java.lang.Object java.lang.invoke.DirectMethodHandle$Holder.invokeStaticInit(java.lang.Object, int, int, int, int)'> (0x00000000b5480790) 
thrown [s\open\src\hotspot\share\interpreter\linkResolver.cpp, line 774]
Event: 0.315 Thread 0x000001b0504100f0 Exception <a 'java/lang/NoSuchMethodError'{0x00000000b5392ab8}: 'java.lang.Object java.lang.invoke.DirectMethodHandle$Holder.invokeStaticInit(java.lang.Object, java.lang.Object, int, int, int, int)'> (0x00000000b5392ab8) 
thrown [s\open\src\hotspot\share\interpreter\linkResolver.cpp, line 774]
Event: 0.324 Thread 0x000001b0504100f0 Exception <a 'java/lang/NoSuchMethodError'{0x00000000b539f110}: 'java.lang.Object java.lang.invoke.DirectMethodHandle$Holder.invokeStaticInit(java.lang.Object)'> (0x00000000b539f110) 
thrown [s\open\src\hotspot\share\interpreter\linkResolver.cpp, line 774]
Event: 0.421 Thread 0x000001b0504100f0 Implicit null exception at 0x000001b05fe80485 to 0x000001b05fe8089c
Event: 1.125 Thread 0x000001b06c73f0c0 Exception <a 'java/lang/NoSuchMethodError'{0x00000000b52db098}: 'java.lang.Object java.lang.invoke.Invokers$Holder.invokeExact_MT(java.lang.Object, java.lang.Object, java.lang.Object, java.lang.Object, java.lang.Object, java.lang.Object)'> (0x00000000b52db098) 
thrown [s\open\src\hotspot\share\interpreter\linkResolver.cpp, line 774]
Event: 1.160 Thread 0x000001b0504100f0 Exception <a 'java/lang/NoSuchMethodError'{0x00000000b511bf78}: 'void java.lang.invoke.DirectMethodHandle$Holder.invokeSpecial(java.lang.Object, java.lang.Object, java.lang.Object)'> (0x00000000b511bf78) 
thrown [s\open\src\hotspot\share\interpreter\linkResolver.cpp, line 774]
Event: 1.194 Thread 0x000001b0504100f0 Exception <a 'java/lang/NoSuchMethodError'{0x00000000b5146468}: 'java.lang.Object java.lang.invoke.DirectMethodHandle$Holder.newInvokeSpecial(java.lang.Object, java.lang.Object, java.lang.Object, java.lang.Object, java.lang.Object)'> (0x00000000b5146468) 
thrown [s\open\src\hotspot\share\interpreter\linkResolver.cpp, line 774]
Event: 1.201 Thread 0x000001b0504100f0 Exception <a 'java/lang/NoSuchMethodError'{0x00000000b5177538}: 'java.lang.Object java.lang.invoke.DirectMethodHandle$Holder.invokeStatic(java.lang.Object, int, java.lang.Object)'> (0x00000000b5177538) 
thrown [s\open\src\hotspot\share\interpreter\linkResolver.cpp, line 774]
Event: 1.246 Thread 0x000001b0504100f0 Exception <a 'java/lang/ClassNotFoundException'{0x00000000b5035bb8}: com/sun/swing/internal/plaf/metal/resources/spi/metalProvider> (0x00000000b5035bb8) 
thrown [s\open\src\hotspot\share\classfile\systemDictionary.cpp, line 255]
Event: 1.247 Thread 0x000001b0504100f0 Exception <a 'java/lang/ClassNotFoundException'{0x00000000b5039b08}: com/sun/swing/internal/plaf/basic/resources/spi/basicProvider> (0x00000000b5039b08) 
thrown [s\open\src\hotspot\share\classfile\systemDictionary.cpp, line 255]
Event: 1.346 Thread 0x000001b0504100f0 Exception <a 'java/lang/NoSuchMethodError'{0x00000000b5066b48}: 'int java.lang.invoke.Invokers$Holder.invokeExact_MT(java.lang.Object, java.lang.Object)'> (0x00000000b5066b48) 
thrown [s\open\src\hotspot\share\interpreter\linkResolver.cpp, line 774]
Event: 1.355 Thread 0x000001b071b147b0 Exception <a 'java/lang/NoSuchMethodError'{0x00000000b510f3e8}: 'void java.lang.invoke.DirectMethodHandle$Holder.invokeVirtual(java.lang.Object, java.lang.Object)'> (0x00000000b510f3e8) 
thrown [s\open\src\hotspot\share\interpreter\linkResolver.cpp, line 774]
Event: 1.395 Thread 0x000001b0504100f0 Exception <a 'java/lang/NoSuchMethodError'{0x00000000b509fcc0}: 'void java.lang.invoke.DirectMethodHandle$Holder.invokeStaticInit(java.lang.Object)'> (0x00000000b509fcc0) 
thrown [s\open\src\hotspot\share\interpreter\linkResolver.cpp, line 774]
Event: 3.355 Thread 0x000001b0722eb2c0 Exception <a 'java/lang/ArrayIndexOutOfBoundsException'{0x00000000b4c48ae0}: Index 1 out of bounds for length 1> (0x00000000b4c48ae0) 
thrown [s\open\src\hotspot\share\interpreter\interpreterRuntime.cpp, line 432]
Event: 3.364 Thread 0x000001b0722eb2c0 Exception <a 'java/lang/ArrayIndexOutOfBoundsException'{0x00000000b4c6e350}: Index 1 out of bounds for length 1> (0x00000000b4c6e350) 
thrown [s\open\src\hotspot\share\interpreter\interpreterRuntime.cpp, line 432]
Event: 3.378 Thread 0x000001b0722eb2c0 Exception <a 'java/lang/ArrayIndexOutOfBoundsException'{0x00000000b4c923d0}: Index 1 out of bounds for length 1> (0x00000000b4c923d0) 
thrown [s\open\src\hotspot\share\interpreter\interpreterRuntime.cpp, line 432]
Event: 3.386 Thread 0x000001b0722eb2c0 Exception <a 'java/lang/ArrayIndexOutOfBoundsException'{0x00000000b4cb6488}: Index 1 out of bounds for length 1> (0x00000000b4cb6488) 
thrown [s\open\src\hotspot\share\interpreter\interpreterRuntime.cpp, line 432]
Event: 3.393 Thread 0x000001b0722eb2c0 Exception <a 'java/lang/ArrayIndexOutOfBoundsException'{0x00000000b4cda508}: Index 1 out of bounds for length 1> (0x00000000b4cda508) 
thrown [s\open\src\hotspot\share\interpreter\interpreterRuntime.cpp, line 432]
Event: 3.397 Thread 0x000001b0722eb2c0 Exception <a 'java/lang/ArrayIndexOutOfBoundsException'{0x00000000b4cfe5b8}: Index 1 out of bounds for length 1> (0x00000000b4cfe5b8) 
thrown [s\open\src\hotspot\share\interpreter\interpreterRuntime.cpp, line 432]

VM Operations (20 events):
Event: 0.155 Executing VM operation: HandshakeAllThreads
Event: 0.155 Executing VM operation: HandshakeAllThreads done
Event: 0.168 Executing VM operation: HandshakeAllThreads
Event: 0.168 Executing VM operation: HandshakeAllThreads done
Event: 0.745 Executing VM operation: G1CollectForAllocation
Event: 0.751 Executing VM operation: G1CollectForAllocation done
Event: 1.106 Executing VM operation: HandshakeAllThreads
Event: 1.107 Executing VM operation: HandshakeAllThreads done
Event: 1.148 Executing VM operation: HandshakeAllThreads
Event: 1.148 Executing VM operation: HandshakeAllThreads done
Event: 1.148 Executing VM operation: HandshakeAllThreads
Event: 1.148 Executing VM operation: HandshakeAllThreads done
Event: 1.175 Executing VM operation: HandshakeAllThreads
Event: 1.175 Executing VM operation: HandshakeAllThreads done
Event: 1.549 Executing VM operation: HandshakeAllThreads
Event: 1.555 Executing VM operation: HandshakeAllThreads done
Event: 1.555 Executing VM operation: HandshakeAllThreads
Event: 1.555 Executing VM operation: HandshakeAllThreads done
Event: 2.560 Executing VM operation: Cleanup
Event: 2.582 Executing VM operation: Cleanup done

Events (20 events):
Event: 0.042 Thread 0x000001b06c73f0c0 Thread added: 0x000001b06c73f0c0
Event: 0.042 Thread 0x000001b06c740190 Thread added: 0x000001b06c740190
Event: 0.042 Thread 0x000001b06c7413a0 Thread added: 0x000001b06c7413a0
Event: 0.042 Thread 0x000001b06c745de0 Thread added: 0x000001b06c745de0
Event: 0.042 Thread 0x000001b06c749040 Thread added: 0x000001b06c749040
Event: 0.042 Thread 0x000001b06c75e210 Thread added: 0x000001b06c75e210
Event: 0.082 Thread 0x000001b070968310 Thread added: 0x000001b070968310
Event: 0.152 Thread 0x000001b070af76b0 Thread added: 0x000001b070af76b0
Event: 0.152 Thread 0x000001b070af7bf0 Thread added: 0x000001b070af7bf0
Event: 0.325 Thread 0x000001b070be6780 Thread added: 0x000001b070be6780
Event: 0.406 Thread 0x000001b070be9e60 Thread added: 0x000001b070be9e60
Event: 1.086 Thread 0x000001b071f801d0 Thread added: 0x000001b071f801d0
Event: 1.130 Thread 0x000001b071b147b0 Thread added: 0x000001b071b147b0
Event: 1.360 Thread 0x000001b0722eb2c0 Thread added: 0x000001b0722eb2c0
Event: 1.509 Thread 0x000001b076e2e1b0 Thread added: 0x000001b076e2e1b0
Event: 1.509 Thread 0x000001b0504100f0 Thread exited: 0x000001b0504100f0
Event: 1.509 Thread 0x000001b076c8d520 Thread added: 0x000001b076c8d520
Event: 1.514 Thread 0x000001b076c8e510 Thread added: 0x000001b076c8e510
Event: 2.939 Thread 0x000001b070be9e60 Thread exited: 0x000001b070be9e60
Event: 3.348 Thread 0x000001b071958dd0 Thread added: 0x000001b071958dd0


Dynamic libraries:
0x00007ff6467d0000 - 0x00007ff6467e0000 	C:\Program Files\Java\jdk-19\bin\java.exe
0x00007ffc58c90000 - 0x00007ffc58e86000 	C:\Windows\SYSTEM32\ntdll.dll
0x00007ffc58350000 - 0x00007ffc5840d000 	C:\Windows\System32\KERNEL32.DLL
0x00007ffc56710000 - 0x00007ffc569d8000 	C:\Windows\System32\KERNELBASE.dll
0x00007ffc51fe0000 - 0x00007ffc51ff8000 	C:\Program Files\Java\jdk-19\bin\jli.dll
0x00007ffc57e10000 - 0x00007ffc57ebc000 	C:\Windows\System32\ADVAPI32.dll
0x00007ffc56d70000 - 0x00007ffc56e0e000 	C:\Windows\System32\msvcrt.dll
0x00007ffc58a20000 - 0x00007ffc58abb000 	C:\Windows\System32\sechost.dll
0x00007ffc588f0000 - 0x00007ffc58a14000 	C:\Windows\System32\RPCRT4.dll
0x00007ffc56e40000 - 0x00007ffc56fe0000 	C:\Windows\System32\USER32.dll
0x00007ffc56bc0000 - 0x00007ffc56cc0000 	C:\Windows\System32\ucrtbase.dll
0x00007ffc51fc0000 - 0x00007ffc51fdb000 	C:\Program Files\Java\jdk-19\bin\VCRUNTIME140.dll
0x00007ffc45360000 - 0x00007ffc455fb000 	C:\Windows\WinSxS\amd64_microsoft.windows.common-controls_6595b64144ccf1df_6.0.19041.488_none_ca04af081b815d21\COMCTL32.dll
0x00007ffc57de0000 - 0x00007ffc57e0a000 	C:\Windows\System32\GDI32.dll
0x00007ffc56ab0000 - 0x00007ffc56bb9000 	C:\Windows\System32\gdi32full.dll
0x00007ffc56a10000 - 0x00007ffc56aad000 	C:\Windows\System32\msvcp_win.dll
0x00007ffc56400000 - 0x00007ffc56422000 	C:\Windows\System32\win32u.dll
0x00007ffc4e220000 - 0x00007ffc4e22a000 	C:\Windows\SYSTEM32\VERSION.dll
0x00007ffc58bf0000 - 0x00007ffc58c20000 	C:\Windows\System32\IMM32.DLL
0x00007ffc52360000 - 0x00007ffc5236c000 	C:\Program Files\Java\jdk-19\bin\vcruntime140_1.dll
0x00007ffc250e0000 - 0x00007ffc2516e000 	C:\Program Files\Java\jdk-19\bin\msvcp140.dll
0x00007ffbef060000 - 0x00007ffbefd20000 	C:\Program Files\Java\jdk-19\bin\server\jvm.dll
0x00007ffc3cb80000 - 0x00007ffc3cb89000 	C:\Windows\SYSTEM32\WSOCK32.dll
0x00007ffc58280000 - 0x00007ffc582eb000 	C:\Windows\System32\WS2_32.dll
0x00007ffc4d590000 - 0x00007ffc4d5b7000 	C:\Windows\SYSTEM32\WINMM.dll
0x00007ffc542f0000 - 0x00007ffc54302000 	C:\Windows\SYSTEM32\kernel.appcore.dll
0x00007ffc51fb0000 - 0x00007ffc51fba000 	C:\Program Files\Java\jdk-19\bin\jimage.dll
0x00007ffc3dfb0000 - 0x00007ffc3e194000 	C:\Windows\SYSTEM32\DBGHELP.DLL
0x00007ffc3df80000 - 0x00007ffc3dfac000 	C:\Windows\SYSTEM32\dbgcore.DLL
0x00007ffc56690000 - 0x00007ffc5670f000 	C:\Windows\System32\bcryptPrimitives.dll
0x00007ffc51550000 - 0x00007ffc5155e000 	C:\Program Files\Java\jdk-19\bin\instrument.dll
0x00007ffc51480000 - 0x00007ffc514a6000 	C:\Program Files\Java\jdk-19\bin\java.dll
0x00007ffc0d560000 - 0x00007ffc0d637000 	C:\Program Files\Java\jdk-19\bin\jsvml.dll
0x00007ffc57170000 - 0x00007ffc578b1000 	C:\Windows\System32\SHELL32.dll
0x00007ffc544f0000 - 0x00007ffc54c85000 	C:\Windows\SYSTEM32\windows.storage.dll
0x00007ffc57ec0000 - 0x00007ffc58215000 	C:\Windows\System32\combase.dll
0x00007ffc55e10000 - 0x00007ffc55e3c000 	C:\Windows\SYSTEM32\Wldp.dll
0x00007ffc56cc0000 - 0x00007ffc56d6e000 	C:\Windows\System32\SHCORE.dll
0x00007ffc58600000 - 0x00007ffc58655000 	C:\Windows\System32\shlwapi.dll
0x00007ffc562d0000 - 0x00007ffc562f6000 	C:\Windows\SYSTEM32\profapi.dll
0x00007ffc51530000 - 0x00007ffc51548000 	C:\Program Files\Java\jdk-19\bin\zip.dll
0x00007ffc4cb30000 - 0x00007ffc4cb43000 	C:\Program Files\Java\jdk-19\bin\net.dll
0x00007ffc4d450000 - 0x00007ffc4d550000 	C:\Windows\SYSTEM32\WINHTTP.dll
0x00007ffc55b90000 - 0x00007ffc55bfa000 	C:\Windows\system32\mswsock.dll
0x00007ffc4cb10000 - 0x00007ffc4cb26000 	C:\Program Files\Java\jdk-19\bin\nio.dll
0x00007ffc4c990000 - 0x00007ffc4c9aa000 	C:\Program Files\JetBrains\IntelliJ IDEA Community Edition 2022.3.2\bin\breakgen64.dll
0x00007ffc4c9c0000 - 0x00007ffc4c9c8000 	C:\Program Files\Java\jdk-19\bin\extnet.dll
0x00007ffc010a0000 - 0x00007ffc01231000 	C:\Program Files\Java\jdk-19\bin\awt.dll
0x00007ffc58490000 - 0x00007ffc5855d000 	C:\Windows\System32\OLEAUT32.dll
0x00007ffc53c60000 - 0x00007ffc53cf0000 	C:\Windows\SYSTEM32\apphelp.dll
0x00007ffc55d60000 - 0x00007ffc55d78000 	C:\Windows\SYSTEM32\CRYPTSP.dll
0x00007ffc554b0000 - 0x00007ffc554e4000 	C:\Windows\system32\rsaenh.dll
0x00007ffc569e0000 - 0x00007ffc56a07000 	C:\Windows\System32\bcrypt.dll
0x00007ffc56290000 - 0x00007ffc562be000 	C:\Windows\SYSTEM32\USERENV.dll
0x00007ffc55d80000 - 0x00007ffc55d8c000 	C:\Windows\SYSTEM32\CRYPTBASE.dll
0x00007ffc55830000 - 0x00007ffc5586b000 	C:\Windows\SYSTEM32\IPHLPAPI.DLL
0x00007ffc58560000 - 0x00007ffc58568000 	C:\Windows\System32\NSI.dll
0x00007ffc4e100000 - 0x00007ffc4e117000 	C:\Windows\SYSTEM32\dhcpcsvc6.DLL
0x00007ffc4e0e0000 - 0x00007ffc4e0fd000 	C:\Windows\SYSTEM32\dhcpcsvc.DLL
0x00007ffc55880000 - 0x00007ffc5594b000 	C:\Windows\SYSTEM32\DNSAPI.dll
0x00007ffc53e10000 - 0x00007ffc53eae000 	C:\Windows\system32\uxtheme.dll
0x00007ffc56fe0000 - 0x00007ffc570f5000 	C:\Windows\System32\MSCTF.dll
0x00007ffc58ac0000 - 0x00007ffc58bea000 	C:\Windows\System32\ole32.dll
0x00007ffc54000000 - 0x00007ffc5402f000 	C:\Windows\system32\DWMAPI.DLL
0x00007ffc2c440000 - 0x00007ffc2c565000 	C:\Windows\system32\opengl32.dll
0x00007ffc2c3b0000 - 0x00007ffc2c3dc000 	C:\Windows\SYSTEM32\GLU32.dll
0x00007ffc480c0000 - 0x00007ffc4828e000 	C:\Windows\system32\d3d9.dll
0x00007ffc4d5c0000 - 0x00007ffc4d79b000 	C:\Windows\System32\DriverStore\FileRepository\u0361313.inf_amd64_07132764fbaf152d\B361334\aticfx64.dll
0x00007ffc355c0000 - 0x00007ffc355f3000 	C:\Windows\System32\DriverStore\FileRepository\u0361313.inf_amd64_07132764fbaf152d\B361334\atiu9p64.dll
0x00007ffbec160000 - 0x00007ffbecdf6000 	C:\Windows\System32\DriverStore\FileRepository\u0361313.inf_amd64_07132764fbaf152d\B361334\atiumd64.dll
0x0000000064360000 - 0x00000000651d9000 	C:\Windows\System32\DriverStore\FileRepository\u0361313.inf_amd64_07132764fbaf152d\B361334\atiumd6a.dll
0x00007ffc55950000 - 0x00007ffc5599b000 	C:\Windows\SYSTEM32\POWRPROF.dll
0x00007ffc55810000 - 0x00007ffc55822000 	C:\Windows\SYSTEM32\UMPDC.dll
0x00007ffc4d290000 - 0x00007ffc4d2bf000 	C:\Windows\SYSTEM32\amdihk64.dll
0x00007ffc4d950000 - 0x00007ffc4d98b000 	C:\Windows\SYSTEM32\dxcore.dll
0x00007ffc56640000 - 0x00007ffc5668e000 	C:\Windows\System32\cfgmgr32.dll
0x00007ffbf1260000 - 0x00007ffbf12e6000 	C:\Program Files\Java\jdk-19\bin\freetype.dll
0x00007ffbf1190000 - 0x00007ffbf1256000 	C:\Program Files\Java\jdk-19\bin\fontmanager.dll
0x00007ffc4c150000 - 0x00007ffc4c24c000 	C:\Windows\SYSTEM32\textinputframework.dll
0x00007ffc53350000 - 0x00007ffc536ae000 	C:\Windows\System32\CoreUIComponents.dll
0x00007ffc53a30000 - 0x00007ffc53b22000 	C:\Windows\System32\CoreMessaging.dll
0x00007ffc550e0000 - 0x00007ffc55113000 	C:\Windows\SYSTEM32\ntmarta.dll
0x00007ffc52370000 - 0x00007ffc524c6000 	C:\Windows\SYSTEM32\wintypes.dll

dbghelp: loaded successfully - version: 4.0.5 - missing functions: none
symbol engine: initialized successfully - sym options: 0x614 - pdb path: .;C:\Program Files\Java\jdk-19\bin;C:\Windows\SYSTEM32;C:\Windows\WinSxS\amd64_microsoft.windows.common-controls_6595b64144ccf1df_6.0.19041.488_none_ca04af081b815d21;C:\Program Files\Java\jdk-19\bin\server;C:\Program Files\JetBrains\IntelliJ IDEA Community Edition 2022.3.2\bin;C:\Windows\System32\DriverStore\FileRepository\u0361313.inf_amd64_07132764fbaf152d\B361334

VM Arguments:
jvm_args: -javaagent:C:\Program Files\JetBrains\IntelliJ IDEA Community Edition 2022.3.2\lib\idea_rt.jar=56874:C:\Program Files\JetBrains\IntelliJ IDEA Community Edition 2022.3.2\bin -Dfile.encoding=UTF-8 -Dsun.stdout.encoding=UTF-8 -Dsun.stderr.encoding=UTF-8 
java_command: main.MainClass
java_class_path (initial): D:\JAVAPROG\Kurs3\encodingOfInformation\PlatformerPlay\out\production\PlatformerPlay
Launcher Type: SUN_STANDARD

[Global flags]
     intx CICompilerCount                          = 3                                         {product} {ergonomic}
     uint ConcGCThreads                            = 1                                         {product} {ergonomic}
     uint G1ConcRefinementThreads                  = 4                                         {product} {ergonomic}
   size_t G1HeapRegionSize                         = 1048576                                   {product} {ergonomic}
    uintx GCDrainStackTargetSize                   = 64                                        {product} {ergonomic}
   size_t InitialHeapSize                          = 83886080                                  {product} {ergonomic}
   size_t MarkStackSize                            = 4194304                                   {product} {ergonomic}
   size_t MaxHeapSize                              = 1333788672                                {product} {ergonomic}
   size_t MaxNewSize                               = 800063488                                 {product} {ergonomic}
   size_t MinHeapDeltaBytes                        = 1048576                                   {product} {ergonomic}
   size_t MinHeapSize                              = 8388608                                   {product} {ergonomic}
    uintx NonNMethodCodeHeapSize                   = 5832780                                {pd product} {ergonomic}
    uintx NonProfiledCodeHeapSize                  = 122912730                              {pd product} {ergonomic}
    uintx ProfiledCodeHeapSize                     = 122912730                              {pd product} {ergonomic}
    uintx ReservedCodeCacheSize                    = 251658240                              {pd product} {ergonomic}
     bool SegmentedCodeCache                       = true                                      {product} {ergonomic}
   size_t SoftMaxHeapSize                          = 1333788672                             {manageable} {ergonomic}
     bool UseCompressedClassPointers               = true                           {product lp64_product} {ergonomic}
     bool UseCompressedOops                        = true                           {product lp64_product} {ergonomic}
     bool UseG1GC                                  = true                                      {product} {ergonomic}
     bool UseLargePagesIndividualAllocation        = false                                  {pd product} {ergonomic}

Logging:
Log output configuration:
 #0: stdout all=warning uptime,level,tags foldmultilines=false
 #1: stderr all=off uptime,level,tags foldmultilines=false

Environment Variables:
JAVA_HOME=C:\Program Files\Java\jdk-19
PATH=C:\Program Files\Microsoft MPI\Bin\;C:\Python312\Scripts\;C:\Python312\;C:\Program Files\Common Files\Oracle\Java\javapath;C:\Windows\system32;C:\Windows;C:\Windows\System32\Wbem;C:\Windows\System32\WindowsPowerShell\v1.0\;C:\Windows\System32\OpenSSH\;C:\Program Files (x86)\NVIDIA Corporation\PhysX\Common;C:\Program Files\Microsoft SQL Server\130\Tools\Binn\;C:\Program Files\Microsoft SQL Server\Client SDK\ODBC\170\Tools\Binn\;C:\Program Files\dotnet\;C:\Program Files\Java\jdk-19\bin;C:\Users\Поля\.m2\repository\com\eclipsesource\j2v8\j2v8_win32_x86_64;C:\Program Files\Git\cmd;C:\ProgramData\chocolatey\bin;C:\Program Files\nodejs\;C:\Program Files\Azure Data Studio\bin;C:\Program Files (x86)\Microsoft SQL Server\160\DTS\Binn\;C:\Users\Поля\AppData\Local\Microsoft\WindowsApps;C:\Program Files\JetBrains\PyCharm Community Edition 2020.3.5\bin;C:\Program Files\JetBrains\PyCharm 2020.3.5\bin;C:\Users\Поля\.dotnet\tools;D:\Microsoft VS Code\bin;C:\Users\Поля\.dotnet\tools;C:\Users\Поля\.m2\repository\com\eclipsesource\j2v8\j2v8_win32_x86_64;C:\Program Files\Graphviz\bin;D:\IntelliJ IDEA 2023.2.2\bin;;D:\PyCharm Community Edition 2023.2.1\bin;;C:\Users\Поля\AppData\Roaming\npm;C:\Program Files\Azure Data Studio\bin
USERNAME=Поля
OS=Windows_NT
PROCESSOR_IDENTIFIER=AMD64 Family 23 Model 24 Stepping 1, AuthenticAMD
TMP=C:\Users\DD43~1\AppData\Local\Temp
TEMP=C:\Users\DD43~1\AppData\Local\Temp



---------------  S Y S T E M  ---------------

OS:
 Windows 10 , 64 bit Build 19041 (10.0.19041.546)
OS uptime: 0 days 0:17 hours

CPU: total 4 (initial active 4) (8 cores per cpu, 2 threads per core) family 23 model 24 stepping 1 microcode 0x0, cx8, cmov, fxsr, ht, mmx, 3dnowpref, sse, sse2, sse3, ssse3, sse4a, sse4.1, sse4.2, popcnt, lzcnt, tsc, tscinvbit, avx, avx2, aes, clmul, bmi1, bmi2, adx, sha, fma, vzeroupper, clflush, clflushopt, rdtscp

Memory: 4k page, system-wide physical 5080M (598M free)
TotalPageFile size 9497M (AvailPageFile size 5M)
current process WorkingSet (physical memory assigned to process): 233M, peak: 233M
current process commit charge ("private bytes"): 345M, peak: 348M

vm_info: Java HotSpot(TM) 64-Bit Server VM (19.0.2+7-44) for windows-amd64 JRE (19.0.2+7-44), built on 2022-11-30T18:02:09Z by "mach5one" with MS VC++ 17.1 (VS2022)

END.
