#
# There is insufficient memory for the Java Runtime Environment to continue.
# Native memory allocation (malloc) failed to allocate 32744 bytes for Chunk::new
# Possible reasons:
#   The system is out of physical RAM or swap space
#   The process is running with CompressedOops enabled, and the Java Heap may be blocking the growth of the native heap
# Possible solutions:
#   Reduce memory load on the system
#   Increase physical memory or swap space
#   Check if swap backing store is full
#   Decrease Java heap size (-Xmx/-Xms)
#   Decrease number of Java threads
#   Decrease Java thread stack sizes (-Xss)
#   Set larger code cache with -XX:ReservedCodeCacheSize=
#   JVM is running with Unscaled Compressed Oops mode in which the Java heap is
#     placed in the first 4GB address space. The Java Heap base address is the
#     maximum limit for the native heap growth. Please use -XX:HeapBaseMinAddress
#     to set the Java Heap base and to place the Java Heap above 4GB virtual address.
# This output file may be truncated or incomplete.
#
#  Out of Memory Error (arena.cpp:184), pid=7364, tid=9068
#
# JRE version: Java(TM) SE Runtime Environment (19.0.2+7) (build 19.0.2+7-44)
# Java VM: Java HotSpot(TM) 64-Bit Server VM (19.0.2+7-44, mixed mode, sharing, tiered, compressed oops, compressed class ptrs, g1 gc, windows-amd64)
# No core dump will be written. Minidumps are not enabled by default on client versions of Windows
#

---------------  S U M M A R Y ------------

Command Line: -javaagent:C:\Program Files\JetBrains\IntelliJ IDEA Community Edition 2022.3.2\lib\idea_rt.jar=56868:C:\Program Files\JetBrains\IntelliJ IDEA Community Edition 2022.3.2\bin -Dfile.encoding=UTF-8 -Dsun.stdout.encoding=UTF-8 -Dsun.stderr.encoding=UTF-8 main.MainClass

Host: AMD Ryzen 5 3500U with Radeon Vega Mobile Gfx  , 4 cores, 4G,  Windows 10 , 64 bit Build 19041 (10.0.19041.546)
Time: Sat Dec  9 17:21:54 2023 RTZ 2 (s 10 , 64 bit Build 19041 (10.0.19041.546) elapsed time: 1.660915 seconds (0d 0h 0m 1s)

---------------  T H R E A D  ---------------

Current thread (0x000001a06b043f70):  JavaThread "AWT-EventQueue-0" [_thread_in_vm, id=9068, stack(0x0000004e86100000,0x0000004e86200000)]

Stack: [0x0000004e86100000,0x0000004e86200000]
Native frames: (J=compiled Java code, j=interpreted, Vv=VM code, C=native code)
V  [jvm.dll+0x6ee21a]
V  [jvm.dll+0x85765e]
V  [jvm.dll+0x85904e]
V  [jvm.dll+0x859703]
V  [jvm.dll+0x28298f]
V  [jvm.dll+0xc9adf]
V  [jvm.dll+0xc9e65]
V  [jvm.dll+0x226848]
V  [jvm.dll+0x225686]
V  [jvm.dll+0x7cc802]
V  [jvm.dll+0x7cdc4a]
V  [jvm.dll+0x7cdf78]
V  [jvm.dll+0x271e1b]
V  [jvm.dll+0x27203f]
V  [jvm.dll+0x5cb4e8]
V  [jvm.dll+0x5ce447]
V  [jvm.dll+0x3ddda7]
V  [jvm.dll+0x3dd3ff]
C  0x000001a057e6c197

Java frames: (J=compiled Java code, j=interpreted, Vv=VM code)
j  sun.awt.im.InputMethodContext.grabCompositionArea(Z)V+25 java.desktop@19.0.2
j  sun.awt.im.InputContext.activateInputMethod(Z)V+276 java.desktop@19.0.2
j  sun.awt.im.InputContext.focusGained(Ljava/awt/Component;)V+137 java.desktop@19.0.2
j  sun.awt.im.InputContext.dispatchEvent(Ljava/awt/AWTEvent;)V+100 java.desktop@19.0.2
j  sun.awt.im.InputMethodContext.dispatchEvent(Ljava/awt/AWTEvent;)V+58 java.desktop@19.0.2
j  java.awt.Component.dispatchEventImpl(Ljava/awt/AWTEvent;)V+314 java.desktop@19.0.2
j  java.awt.Container.dispatchEventImpl(Ljava/awt/AWTEvent;)V+42 java.desktop@19.0.2
j  java.awt.Component.dispatchEvent(Ljava/awt/AWTEvent;)V+2 java.desktop@19.0.2
j  java.awt.KeyboardFocusManager.redispatchEvent(Ljava/awt/Component;Ljava/awt/AWTEvent;)V+7 java.desktop@19.0.2
j  java.awt.DefaultKeyboardFocusManager.typeAheadAssertions(Ljava/awt/Component;Ljava/awt/AWTEvent;)Z+339 java.desktop@19.0.2
j  java.awt.DefaultKeyboardFocusManager.dispatchEvent(Ljava/awt/AWTEvent;)Z+1066 java.desktop@19.0.2
j  java.awt.Component.dispatchEventImpl(Ljava/awt/AWTEvent;)V+134 java.desktop@19.0.2
j  java.awt.Container.dispatchEventImpl(Ljava/awt/AWTEvent;)V+42 java.desktop@19.0.2
j  java.awt.Component.dispatchEvent(Ljava/awt/AWTEvent;)V+2 java.desktop@19.0.2
j  java.awt.EventQueue.dispatchEventImpl(Ljava/awt/AWTEvent;Ljava/lang/Object;)V+41 java.desktop@19.0.2
j  java.awt.EventQueue$4.run()Ljava/lang/Void;+32 java.desktop@19.0.2
j  java.awt.EventQueue$4.run()Ljava/lang/Object;+1 java.desktop@19.0.2
J 851 c1 java.security.AccessController.executePrivileged(Ljava/security/PrivilegedAction;Ljava/security/AccessControlContext;Ljava/lang/Class;)Ljava/lang/Object; java.base@19.0.2 (65 bytes) @ 0x000001a050a48aac [0x000001a050a48a40+0x000000000000006c]
j  java.security.AccessController.doPrivileged(Ljava/security/PrivilegedAction;Ljava/security/AccessControlContext;)Ljava/lang/Object;+13 java.base@19.0.2
j  java.security.ProtectionDomain$JavaSecurityAccessImpl.doIntersectionPrivilege(Ljava/security/PrivilegedAction;Ljava/security/AccessControlContext;Ljava/security/AccessControlContext;)Ljava/lang/Object;+18 java.base@19.0.2
j  java.security.ProtectionDomain$JavaSecurityAccessImpl.doIntersectionPrivilege(Ljava/security/PrivilegedAction;Ljava/security/AccessControlContext;)Ljava/lang/Object;+6 java.base@19.0.2
j  java.awt.EventQueue$5.run()Ljava/lang/Void;+11 java.desktop@19.0.2
j  java.awt.EventQueue$5.run()Ljava/lang/Object;+1 java.desktop@19.0.2
J 851 c1 java.security.AccessController.executePrivileged(Ljava/security/PrivilegedAction;Ljava/security/AccessControlContext;Ljava/lang/Class;)Ljava/lang/Object; java.base@19.0.2 (65 bytes) @ 0x000001a050a48aac [0x000001a050a48a40+0x000000000000006c]
j  java.security.AccessController.doPrivileged(Ljava/security/PrivilegedAction;Ljava/security/AccessControlContext;)Ljava/lang/Object;+13 java.base@19.0.2
j  java.security.ProtectionDomain$JavaSecurityAccessImpl.doIntersectionPrivilege(Ljava/security/PrivilegedAction;Ljava/security/AccessControlContext;Ljava/security/AccessControlContext;)Ljava/lang/Object;+18 java.base@19.0.2
j  java.awt.EventQueue.dispatchEvent(Ljava/awt/AWTEvent;)V+73 java.desktop@19.0.2
j  java.awt.EventDispatchThread.pumpOneEventForFilters(I)V+81 java.desktop@19.0.2
j  java.awt.EventDispatchThread.pumpEventsForFilter(ILjava/awt/Conditional;Ljava/awt/EventFilter;)V+35 java.desktop@19.0.2
j  java.awt.EventDispatchThread.pumpEventsForHierarchy(ILjava/awt/Conditional;Ljava/awt/Component;)V+11 java.desktop@19.0.2
j  java.awt.EventDispatchThread.pumpEvents(ILjava/awt/Conditional;)V+4 java.desktop@19.0.2
j  java.awt.EventDispatchThread.pumpEvents(Ljava/awt/Conditional;)V+3 java.desktop@19.0.2
j  java.awt.EventDispatchThread.run()V+9 java.desktop@19.0.2
v  ~StubRoutines::call_stub 0x000001a057e4100e

Compiled method (c1)    1690  851       2       java.security.AccessController::executePrivileged (65 bytes)
 total in heap  [0x000001a050a48890,0x000001a050a48c10] = 896
 relocation     [0x000001a050a489f0,0x000001a050a48a30] = 64
 main code      [0x000001a050a48a40,0x000001a050a48b20] = 224
 stub code      [0x000001a050a48b20,0x000001a050a48b78] = 88
 metadata       [0x000001a050a48b78,0x000001a050a48b80] = 8
 scopes data    [0x000001a050a48b80,0x000001a050a48bb8] = 56
 scopes pcs     [0x000001a050a48bb8,0x000001a050a48c08] = 80
 dependencies   [0x000001a050a48c08,0x000001a050a48c10] = 8

[Constant Pool (empty)]

[MachCode]
[Verified Entry Point]
  # {method} {0x00000008000633c0} 'executePrivileged' '(Ljava/security/PrivilegedAction;Ljava/security/AccessControlContext;Ljava/lang/Class;)Ljava/lang/Object;' in 'java/security/AccessController'
  # parm0:    rdx:rdx   = 'java/security/PrivilegedAction'
  # parm1:    r8:r8     = 'java/security/AccessControlContext'
  # parm2:    r9:r9     = 'java/lang/Class'
  #           [sp+0x50]  (sp of caller)
  0x000001a050a48a40: 8984 2400 | 90ff ff55 | 4883 ec40 | 4c89 4424 | 304c 894c | 2428 48be | b813 8065 | a001 0000 
  0x000001a050a48a60: 8b7e 0883 | c702 897e | 0881 e7fe | 0f00 0083 | ff00 0f84 | 4700 0000 | 4983 f800 | 0f84 1700 
  0x000001a050a48a80: 0000 4889 | 5424 2049 | 8bd0 0f1f 

  0x000001a050a48a8c: ;   {static_call}
  0x000001a050a48a8c: 4400 00e8 

  0x000001a050a48a90: ; ImmutableOopMap {[32]=Oop [40]=Oop [48]=Oop }
                      ;*invokestatic ensureMaterializedForStackWalk {reexecute=0 rethrow=0 return_oop=0}
                      ; - java.security.AccessController::executePrivileged@5 (line 772)
  0x000001a050a48a90: 9100 0000 | 488b 5424 | 200f 1f40 | 0048 b8ff | ffff ffff 

  0x000001a050a48aa4: ;   {virtual_call}
  0x000001a050a48aa4: ffff ffe8 

  0x000001a050a48aa8: ; ImmutableOopMap {[40]=Oop [48]=Oop }
                      ;*invokeinterface run {reexecute=0 rethrow=0 return_oop=0}
                      ; - java.security.AccessController::executePrivileged@29 (line 776)
  0x000001a050a48aa8: 3462 4507 | 4883 c440 

  0x000001a050a48ab0: ;   {poll_return}
  0x000001a050a48ab0: 5d49 3ba7 | 7803 0000 | 0f87 1f00 

  0x000001a050a48abc: ;   {metadata({method} {0x00000008000633c0} 'executePrivileged' '(Ljava/security/PrivilegedAction;Ljava/security/AccessControlContext;Ljava/lang/Class;)Ljava/lang/Object;' in 'java/security/AccessController')}
  0x000001a050a48abc: 0000 c349 | bab8 3306 | 0008 0000 | 004c 8954 | 2408 48c7 | 0424 ffff 

  0x000001a050a48ad4: ;   {runtime_call counter_overflow Runtime1 stub}
  0x000001a050a48ad4: ffff e825 

  0x000001a050a48ad8: ; ImmutableOopMap {rdx=Oop r8=Oop r9=Oop [40]=Oop [48]=Oop }
                      ;*synchronization entry
                      ; - java.security.AccessController::executePrivileged@-1 (line 771)
  0x000001a050a48ad8: 6950 07eb 

  0x000001a050a48adc: ;   {internal_word}
  0x000001a050a48adc: 9b49 bab1 | 8aa4 50a0 | 0100 004d | 8997 9003 

  0x000001a050a48aec: ;   {runtime_call SafepointBlob}
  0x000001a050a48aec: 0000 e90d | f345 0749 | 8b87 2004 | 0000 49c7 | 8720 0400 | 0000 0000 | 0049 c787 | 2804 0000 
  0x000001a050a48b0c: 0000 0000 | 4883 c440 

  0x000001a050a48b14: ;   {runtime_call unwind_exception Runtime1 stub}
  0x000001a050a48b14: 5de9 6632 | 4707 f4f4 | f4f4 f4f4 
[Stub Code]
  0x000001a050a48b20: ;   {no_reloc}
  0x000001a050a48b20: 0f1f 4400 

  0x000001a050a48b24: ;   {static_stub}
  0x000001a050a48b24: 0048 bb20 | 3b06 0008 

  0x000001a050a48b2c: ;   {runtime_call I2C/C2I adapters}
  0x000001a050a48b2c: 0000 00e9 | 2583 4507 

  0x000001a050a48b34: ;   {static_stub}
  0x000001a050a48b34: 9048 bb00 | 0000 0000 

  0x000001a050a48b3c: ;   {runtime_call}
  0x000001a050a48b3c: 0000 00e9 | fbff ffff 
[Exception Handler]
  0x000001a050a48b44: ;   {runtime_call handle_exception_from_callee Runtime1 stub}
  0x000001a050a48b44: e8b7 3550 

  0x000001a050a48b48: ;   {external_word}
  0x000001a050a48b48: 0748 b928 | 499c effb | 7f00 0048 

  0x000001a050a48b54: ;   {runtime_call}
  0x000001a050a48b54: 83e4 f049 | bab0 f867 | effb 7f00 | 0041 ffd2 

  0x000001a050a48b64: ;   {section_word}
  0x000001a050a48b64: f449 ba65 | 8ba4 50a0 | 0100 0041 

  0x000001a050a48b70: ;   {runtime_call DeoptimizationBlob}
  0x000001a050a48b70: 52e9 2ae5 | 4507 f4f4 
[/MachCode]


---------------  P R O C E S S  ---------------

Threads class SMR info:
_java_thread_list=0x000001a06af07480, length=20, elements={
0x000001a0653f5b00, 0x000001a0653f68f0, 0x000001a0653fbf40, 0x000001a0653ffc50,
0x000001a065402590, 0x000001a065403ed0, 0x000001a065408a50, 0x000001a065413bf0,
0x000001a065426d30, 0x000001a0698629f0, 0x000001a069946d30, 0x000001a069947270,
0x000001a069ac6740, 0x000001a069af7880, 0x000001a06bd58c30, 0x000001a069b4ab70,
0x000001a06b043f70, 0x000001a074acb140, 0x000001a07498ad10, 0x000001a074988290
}

Java Threads: ( => current thread )
  0x000001a0653f5b00 JavaThread "Reference Handler" daemon [_thread_blocked, id=1440, stack(0x0000004e84700000,0x0000004e84800000)]
  0x000001a0653f68f0 JavaThread "Finalizer" daemon [_thread_blocked, id=5136, stack(0x0000004e84800000,0x0000004e84900000)]
  0x000001a0653fbf40 JavaThread "Signal Dispatcher" daemon [_thread_blocked, id=8540, stack(0x0000004e84900000,0x0000004e84a00000)]
  0x000001a0653ffc50 JavaThread "Attach Listener" daemon [_thread_blocked, id=6664, stack(0x0000004e84a00000,0x0000004e84b00000)]
  0x000001a065402590 JavaThread "Service Thread" daemon [_thread_blocked, id=8984, stack(0x0000004e84b00000,0x0000004e84c00000)]
  0x000001a065403ed0 JavaThread "Monitor Deflation Thread" daemon [_thread_blocked, id=5184, stack(0x0000004e84c00000,0x0000004e84d00000)]
  0x000001a065408a50 JavaThread "C2 CompilerThread0" daemon [_thread_in_native, id=11084, stack(0x0000004e84d00000,0x0000004e84e00000)]
  0x000001a065413bf0 JavaThread "C1 CompilerThread0" daemon [_thread_blocked, id=9072, stack(0x0000004e84e00000,0x0000004e84f00000)]
  0x000001a065426d30 JavaThread "Sweeper thread" daemon [_thread_blocked, id=13476, stack(0x0000004e84f00000,0x0000004e85000000)]
  0x000001a0698629f0 JavaThread "Common-Cleaner" daemon [_thread_blocked, id=4220, stack(0x0000004e85000000,0x0000004e85100000)]
  0x000001a069946d30 JavaThread "Monitor Ctrl-Break" daemon [_thread_in_native, id=7664, stack(0x0000004e85100000,0x0000004e85200000)]
  0x000001a069947270 JavaThread "Notification Thread" daemon [_thread_blocked, id=5204, stack(0x0000004e85200000,0x0000004e85300000)]
  0x000001a069ac6740 JavaThread "Java2D Disposer" daemon [_thread_blocked, id=7596, stack(0x0000004e85400000,0x0000004e85500000)]
  0x000001a069af7880 JavaThread "C2 CompilerThread1" daemon [_thread_in_native, id=6524, stack(0x0000004e85500000,0x0000004e85600000)]
  0x000001a06bd58c30 JavaThread "AWT-Shutdown" [_thread_blocked, id=5720, stack(0x0000004e85900000,0x0000004e85a00000)]
  0x000001a069b4ab70 JavaThread "AWT-Windows" daemon [_thread_in_native, id=608, stack(0x0000004e85a00000,0x0000004e85b00000)]
=>0x000001a06b043f70 JavaThread "AWT-EventQueue-0" [_thread_in_vm, id=9068, stack(0x0000004e86100000,0x0000004e86200000)]
  0x000001a074acb140 JavaThread "Thread-0" [_thread_in_Java, id=4064, stack(0x0000004e86200000,0x0000004e86300000)]
  0x000001a07498ad10 JavaThread "DestroyJavaVM" [_thread_blocked, id=11924, stack(0x0000004e84000000,0x0000004e84100000)]
  0x000001a074988290 JavaThread "D3D Screen Updater" daemon [_thread_blocked, id=2848, stack(0x0000004e86300000,0x0000004e86400000)]

Other Threads:
  0x000001a0653de0c0 VMThread "VM Thread" [stack: 0x0000004e84600000,0x0000004e84700000] [id=3480]
  0x000001a069948440 WatcherThread "VM Periodic Task Thread" [stack: 0x0000004e85300000,0x0000004e85400000] [id=8136]
  0x000001a0471c2bd0 WorkerThread "GC Thread#0" [stack: 0x0000004e84100000,0x0000004e84200000] [id=1852]
  0x000001a069afc480 WorkerThread "GC Thread#1" [stack: 0x0000004e85600000,0x0000004e85700000] [id=9392]
  0x000001a069abe540 WorkerThread "GC Thread#2" [stack: 0x0000004e85700000,0x0000004e85800000] [id=10436]
  0x000001a069b4b450 WorkerThread "GC Thread#3" [stack: 0x0000004e85800000,0x0000004e85900000] [id=8980]
  0x000001a0471cebe0 ConcurrentGCThread "G1 Main Marker" [stack: 0x0000004e84200000,0x0000004e84300000] [id=4832]
  0x000001a0471cfdb0 WorkerThread "G1 Conc#0" [stack: 0x0000004e84300000,0x0000004e84400000] [id=7584]
  0x000001a0472381e0 ConcurrentGCThread "G1 Refine#0" [stack: 0x0000004e84400000,0x0000004e84500000] [id=4380]
  0x000001a047238d20 ConcurrentGCThread "G1 Service" [stack: 0x0000004e84500000,0x0000004e84600000] [id=1928]

Threads with active compile tasks:
C2 CompilerThread0     1702  720       4       java.io.BufferedInputStream::implRead (113 bytes)
C2 CompilerThread1     1702  719   !   4       com.sun.imageio.plugins.png.PNGImageReader::decodePass (1399 bytes)

VM state: not at safepoint (normal execution)

VM Mutex/Monitor currently owned by a thread: None

Heap address: 0x00000000b0800000, size: 1272 MB, Compressed Oops mode: 32-bit

CDS archive(s) mapped at: [0x0000000800000000-0x0000000800c40000-0x0000000800c40000), size 12845056, SharedBaseAddress: 0x0000000800000000, ArchiveRelocationMode: 0.
Compressed class space mapped at: 0x0000000801000000-0x0000000841000000, reserved size: 1073741824
Narrow klass base: 0x0000000800000000, Narrow klass shift: 0, Narrow klass range: 0x100000000

GC Precious Log:
 CardTable entry size: 512
 Card Set container configuration: InlinePtr #cards 5 size 8 Array Of Cards #cards 12 size 40 Howl #buckets 4 coarsen threshold 1843 Howl Bitmap #cards 512 size 80 coarsen threshold 460 Card regions per heap region 1 cards per card region 2048
 CPUs: 4 total, 4 available
 Memory: 5080M
 Large Page Support: Disabled
 NUMA Support: Disabled
 Compressed Oops: Enabled (32-bit)
 Heap Region Size: 1M
 Heap Min Capacity: 8M
 Heap Initial Capacity: 80M
 Heap Max Capacity: 1272M
 Pre-touch: Disabled
 Parallel Workers: 4
 Concurrent Workers: 1
 Concurrent Refinement Workers: 4
 Periodic GC: Disabled

Heap:
 garbage-first heap   total 81920K, used 24760K [0x00000000b0800000, 0x0000000100000000)
  region size 1024K, 11 young (11264K), 2 survivors (2048K)
 Metaspace       used 8230K, committed 8448K, reserved 1114112K
  class space    used 863K, committed 960K, reserved 1048576K

Heap Regions: E=young(eden), S=young(survivor), O=old, HS=humongous(starts), HC=humongous(continues), CS=collection set, F=free, OA=open archive, CA=closed archive, TAMS=top-at-mark-start (previous, next)
|   0|0x00000000b0800000, 0x00000000b0900000, 0x00000000b0900000|100%|HS|  |TAMS 0x00000000b0800000, 0x00000000b0800000| Complete 
|   1|0x00000000b0900000, 0x00000000b0a00000, 0x00000000b0a00000|100%|HC|  |TAMS 0x00000000b0900000, 0x00000000b0900000| Complete 
|   2|0x00000000b0a00000, 0x00000000b0b00000, 0x00000000b0b00000|100%|HC|  |TAMS 0x00000000b0a00000, 0x00000000b0a00000| Complete 
|   3|0x00000000b0b00000, 0x00000000b0c00000, 0x00000000b0c00000|100%|HC|  |TAMS 0x00000000b0b00000, 0x00000000b0b00000| Complete 
|   4|0x00000000b0c00000, 0x00000000b0d00000, 0x00000000b0d00000|100%|HC|  |TAMS 0x00000000b0c00000, 0x00000000b0c00000| Complete 
|   5|0x00000000b0d00000, 0x00000000b0e00000, 0x00000000b0e00000|100%|HC|  |TAMS 0x00000000b0d00000, 0x00000000b0d00000| Complete 
|   6|0x00000000b0e00000, 0x00000000b0f00000, 0x00000000b0f00000|100%|HS|  |TAMS 0x00000000b0e00000, 0x00000000b0e00000| Complete 
|   7|0x00000000b0f00000, 0x00000000b1000000, 0x00000000b1000000|100%| O|  |TAMS 0x00000000b0f00000, 0x00000000b0f00000| Untracked 
|   8|0x00000000b1000000, 0x00000000b102e200, 0x00000000b1100000| 18%| O|  |TAMS 0x00000000b1000000, 0x00000000b1000000| Untracked 
|   9|0x00000000b1100000, 0x00000000b1200000, 0x00000000b1200000|100%|HS|  |TAMS 0x00000000b1100000, 0x00000000b1100000| Complete 
|  10|0x00000000b1200000, 0x00000000b1300000, 0x00000000b1300000|100%|HC|  |TAMS 0x00000000b1200000, 0x00000000b1200000| Complete 
|  11|0x00000000b1300000, 0x00000000b1400000, 0x00000000b1400000|100%|HC|  |TAMS 0x00000000b1300000, 0x00000000b1300000| Complete 
|  12|0x00000000b1400000, 0x00000000b1500000, 0x00000000b1500000|100%|HC|  |TAMS 0x00000000b1400000, 0x00000000b1400000| Complete 
|  13|0x00000000b1500000, 0x00000000b1600000, 0x00000000b1600000|100%|HC|  |TAMS 0x00000000b1500000, 0x00000000b1500000| Complete 
|  14|0x00000000b1600000, 0x00000000b1700000, 0x00000000b1700000|100%|HC|  |TAMS 0x00000000b1600000, 0x00000000b1600000| Complete 
|  15|0x00000000b1700000, 0x00000000b1700000, 0x00000000b1800000|  0%| F|  |TAMS 0x00000000b1700000, 0x00000000b1700000| Untracked 
|  16|0x00000000b1800000, 0x00000000b1800000, 0x00000000b1900000|  0%| F|  |TAMS 0x00000000b1800000, 0x00000000b1800000| Untracked 
|  17|0x00000000b1900000, 0x00000000b1900000, 0x00000000b1a00000|  0%| F|  |TAMS 0x00000000b1900000, 0x00000000b1900000| Untracked 
|  18|0x00000000b1a00000, 0x00000000b1a00000, 0x00000000b1b00000|  0%| F|  |TAMS 0x00000000b1a00000, 0x00000000b1a00000| Untracked 
|  19|0x00000000b1b00000, 0x00000000b1b00000, 0x00000000b1c00000|  0%| F|  |TAMS 0x00000000b1b00000, 0x00000000b1b00000| Untracked 
|  20|0x00000000b1c00000, 0x00000000b1c00000, 0x00000000b1d00000|  0%| F|  |TAMS 0x00000000b1c00000, 0x00000000b1c00000| Untracked 
|  21|0x00000000b1d00000, 0x00000000b1d00000, 0x00000000b1e00000|  0%| F|  |TAMS 0x00000000b1d00000, 0x00000000b1d00000| Untracked 
|  22|0x00000000b1e00000, 0x00000000b1e00000, 0x00000000b1f00000|  0%| F|  |TAMS 0x00000000b1e00000, 0x00000000b1e00000| Untracked 
|  23|0x00000000b1f00000, 0x00000000b1f00000, 0x00000000b2000000|  0%| F|  |TAMS 0x00000000b1f00000, 0x00000000b1f00000| Untracked 
|  24|0x00000000b2000000, 0x00000000b2000000, 0x00000000b2100000|  0%| F|  |TAMS 0x00000000b2000000, 0x00000000b2000000| Untracked 
|  25|0x00000000b2100000, 0x00000000b2100000, 0x00000000b2200000|  0%| F|  |TAMS 0x00000000b2100000, 0x00000000b2100000| Untracked 
|  26|0x00000000b2200000, 0x00000000b2200000, 0x00000000b2300000|  0%| F|  |TAMS 0x00000000b2200000, 0x00000000b2200000| Untracked 
|  27|0x00000000b2300000, 0x00000000b2300000, 0x00000000b2400000|  0%| F|  |TAMS 0x00000000b2300000, 0x00000000b2300000| Untracked 
|  28|0x00000000b2400000, 0x00000000b2400000, 0x00000000b2500000|  0%| F|  |TAMS 0x00000000b2400000, 0x00000000b2400000| Untracked 
|  29|0x00000000b2500000, 0x00000000b2500000, 0x00000000b2600000|  0%| F|  |TAMS 0x00000000b2500000, 0x00000000b2500000| Untracked 
|  30|0x00000000b2600000, 0x00000000b2600000, 0x00000000b2700000|  0%| F|  |TAMS 0x00000000b2600000, 0x00000000b2600000| Untracked 
|  31|0x00000000b2700000, 0x00000000b2700000, 0x00000000b2800000|  0%| F|  |TAMS 0x00000000b2700000, 0x00000000b2700000| Untracked 
|  32|0x00000000b2800000, 0x00000000b2800000, 0x00000000b2900000|  0%| F|  |TAMS 0x00000000b2800000, 0x00000000b2800000| Untracked 
|  33|0x00000000b2900000, 0x00000000b2900000, 0x00000000b2a00000|  0%| F|  |TAMS 0x00000000b2900000, 0x00000000b2900000| Untracked 
|  34|0x00000000b2a00000, 0x00000000b2a00000, 0x00000000b2b00000|  0%| F|  |TAMS 0x00000000b2a00000, 0x00000000b2a00000| Untracked 
|  35|0x00000000b2b00000, 0x00000000b2b00000, 0x00000000b2c00000|  0%| F|  |TAMS 0x00000000b2b00000, 0x00000000b2b00000| Untracked 
|  36|0x00000000b2c00000, 0x00000000b2c00000, 0x00000000b2d00000|  0%| F|  |TAMS 0x00000000b2c00000, 0x00000000b2c00000| Untracked 
|  37|0x00000000b2d00000, 0x00000000b2d00000, 0x00000000b2e00000|  0%| F|  |TAMS 0x00000000b2d00000, 0x00000000b2d00000| Untracked 
|  38|0x00000000b2e00000, 0x00000000b2e00000, 0x00000000b2f00000|  0%| F|  |TAMS 0x00000000b2e00000, 0x00000000b2e00000| Untracked 
|  39|0x00000000b2f00000, 0x00000000b2f00000, 0x00000000b3000000|  0%| F|  |TAMS 0x00000000b2f00000, 0x00000000b2f00000| Untracked 
|  40|0x00000000b3000000, 0x00000000b3000000, 0x00000000b3100000|  0%| F|  |TAMS 0x00000000b3000000, 0x00000000b3000000| Untracked 
|  41|0x00000000b3100000, 0x00000000b3100000, 0x00000000b3200000|  0%| F|  |TAMS 0x00000000b3100000, 0x00000000b3100000| Untracked 
|  42|0x00000000b3200000, 0x00000000b3200000, 0x00000000b3300000|  0%| F|  |TAMS 0x00000000b3200000, 0x00000000b3200000| Untracked 
|  43|0x00000000b3300000, 0x00000000b3300000, 0x00000000b3400000|  0%| F|  |TAMS 0x00000000b3300000, 0x00000000b3300000| Untracked 
|  44|0x00000000b3400000, 0x00000000b3400000, 0x00000000b3500000|  0%| F|  |TAMS 0x00000000b3400000, 0x00000000b3400000| Untracked 
|  45|0x00000000b3500000, 0x00000000b3500000, 0x00000000b3600000|  0%| F|  |TAMS 0x00000000b3500000, 0x00000000b3500000| Untracked 
|  46|0x00000000b3600000, 0x00000000b3600000, 0x00000000b3700000|  0%| F|  |TAMS 0x00000000b3600000, 0x00000000b3600000| Untracked 
|  47|0x00000000b3700000, 0x00000000b3700000, 0x00000000b3800000|  0%| F|  |TAMS 0x00000000b3700000, 0x00000000b3700000| Untracked 
|  48|0x00000000b3800000, 0x00000000b3800000, 0x00000000b3900000|  0%| F|  |TAMS 0x00000000b3800000, 0x00000000b3800000| Untracked 
|  49|0x00000000b3900000, 0x00000000b3900000, 0x00000000b3a00000|  0%| F|  |TAMS 0x00000000b3900000, 0x00000000b3900000| Untracked 
|  50|0x00000000b3a00000, 0x00000000b3a00000, 0x00000000b3b00000|  0%| F|  |TAMS 0x00000000b3a00000, 0x00000000b3a00000| Untracked 
|  51|0x00000000b3b00000, 0x00000000b3b00000, 0x00000000b3c00000|  0%| F|  |TAMS 0x00000000b3b00000, 0x00000000b3b00000| Untracked 
|  52|0x00000000b3c00000, 0x00000000b3c00000, 0x00000000b3d00000|  0%| F|  |TAMS 0x00000000b3c00000, 0x00000000b3c00000| Untracked 
|  53|0x00000000b3d00000, 0x00000000b3d00000, 0x00000000b3e00000|  0%| F|  |TAMS 0x00000000b3d00000, 0x00000000b3d00000| Untracked 
|  54|0x00000000b3e00000, 0x00000000b3e00000, 0x00000000b3f00000|  0%| F|  |TAMS 0x00000000b3e00000, 0x00000000b3e00000| Untracked 
|  55|0x00000000b3f00000, 0x00000000b3f00000, 0x00000000b4000000|  0%| F|  |TAMS 0x00000000b3f00000, 0x00000000b3f00000| Untracked 
|  56|0x00000000b4000000, 0x00000000b4000000, 0x00000000b4100000|  0%| F|  |TAMS 0x00000000b4000000, 0x00000000b4000000| Untracked 
|  57|0x00000000b4100000, 0x00000000b4100000, 0x00000000b4200000|  0%| F|  |TAMS 0x00000000b4100000, 0x00000000b4100000| Untracked 
|  58|0x00000000b4200000, 0x00000000b4200000, 0x00000000b4300000|  0%| F|  |TAMS 0x00000000b4200000, 0x00000000b4200000| Untracked 
|  59|0x00000000b4300000, 0x00000000b4300000, 0x00000000b4400000|  0%| F|  |TAMS 0x00000000b4300000, 0x00000000b4300000| Untracked 
|  60|0x00000000b4400000, 0x00000000b4400000, 0x00000000b4500000|  0%| F|  |TAMS 0x00000000b4400000, 0x00000000b4400000| Untracked 
|  61|0x00000000b4500000, 0x00000000b4500000, 0x00000000b4600000|  0%| F|  |TAMS 0x00000000b4500000, 0x00000000b4500000| Untracked 
|  62|0x00000000b4600000, 0x00000000b4600000, 0x00000000b4700000|  0%| F|  |TAMS 0x00000000b4600000, 0x00000000b4600000| Untracked 
|  63|0x00000000b4700000, 0x00000000b4700000, 0x00000000b4800000|  0%| F|  |TAMS 0x00000000b4700000, 0x00000000b4700000| Untracked 
|  64|0x00000000b4800000, 0x00000000b4800000, 0x00000000b4900000|  0%| F|  |TAMS 0x00000000b4800000, 0x00000000b4800000| Untracked 
|  65|0x00000000b4900000, 0x00000000b4a00000, 0x00000000b4a00000|100%| S|CS|TAMS 0x00000000b4900000, 0x00000000b4900000| Complete 
|  66|0x00000000b4a00000, 0x00000000b4b00000, 0x00000000b4b00000|100%| S|CS|TAMS 0x00000000b4a00000, 0x00000000b4a00000| Complete 
|  67|0x00000000b4b00000, 0x00000000b4b00000, 0x00000000b4c00000|  0%| F|  |TAMS 0x00000000b4b00000, 0x00000000b4b00000| Untracked 
|  68|0x00000000b4c00000, 0x00000000b4c00000, 0x00000000b4d00000|  0%| F|  |TAMS 0x00000000b4c00000, 0x00000000b4c00000| Untracked 
|  69|0x00000000b4d00000, 0x00000000b4d00000, 0x00000000b4e00000|  0%| F|  |TAMS 0x00000000b4d00000, 0x00000000b4d00000| Untracked 
|  70|0x00000000b4e00000, 0x00000000b4e00000, 0x00000000b4f00000|  0%| F|  |TAMS 0x00000000b4e00000, 0x00000000b4e00000| Untracked 
|  71|0x00000000b4f00000, 0x00000000b4fe0078, 0x00000000b5000000| 87%| E|  |TAMS 0x00000000b4f00000, 0x00000000b4f00000| Complete 
|  72|0x00000000b5000000, 0x00000000b5100000, 0x00000000b5100000|100%| E|CS|TAMS 0x00000000b5000000, 0x00000000b5000000| Complete 
|  73|0x00000000b5100000, 0x00000000b5200000, 0x00000000b5200000|100%| E|CS|TAMS 0x00000000b5100000, 0x00000000b5100000| Complete 
|  74|0x00000000b5200000, 0x00000000b5300000, 0x00000000b5300000|100%| E|CS|TAMS 0x00000000b5200000, 0x00000000b5200000| Complete 
|  75|0x00000000b5300000, 0x00000000b5400000, 0x00000000b5400000|100%| E|CS|TAMS 0x00000000b5300000, 0x00000000b5300000| Complete 
|  76|0x00000000b5400000, 0x00000000b5500000, 0x00000000b5500000|100%| E|CS|TAMS 0x00000000b5400000, 0x00000000b5400000| Complete 
|  77|0x00000000b5500000, 0x00000000b5600000, 0x00000000b5600000|100%| E|CS|TAMS 0x00000000b5500000, 0x00000000b5500000| Complete 
|  78|0x00000000b5600000, 0x00000000b5700000, 0x00000000b5700000|100%| E|CS|TAMS 0x00000000b5600000, 0x00000000b5600000| Complete 
|  79|0x00000000b5700000, 0x00000000b5800000, 0x00000000b5800000|100%| E|CS|TAMS 0x00000000b5700000, 0x00000000b5700000| Complete 

Card table byte_map: [0x000001a0601b0000,0x000001a060430000] _byte_map_base: 0x000001a05fc2c000

Marking Bits (Prev, Next): (CMBitMap*) 0x000001a0471c4210, (CMBitMap*) 0x000001a0471c4250
 Prev Bits: [0x000001a0606b0000, 0x000001a061a90000)
 Next Bits: [0x000001a061a90000, 0x000001a062e70000)

Polling page: 0x000001a046fd0000

Metaspace:

Usage:
  Non-class:      7.19 MB used.
      Class:    863.00 KB used.
       Both:      8.04 MB used.

Virtual space:
  Non-class space:       64.00 MB reserved,       7.31 MB ( 11%) committed,  1 nodes.
      Class space:        1.00 GB reserved,     960.00 KB ( <1%) committed,  1 nodes.
             Both:        1.06 GB reserved,       8.25 MB ( <1%) committed. 

Chunk freelists:
   Non-Class:  486.00 KB
       Class:  3.10 MB
        Both:  3.58 MB

MaxMetaspaceSize: unlimited
CompressedClassSpaceSize: 1.00 GB
Initial GC threshold: 21.00 MB
Current GC threshold: 21.00 MB
CDS: on
MetaspaceReclaimPolicy: balanced
 - commit_granule_bytes: 65536.
 - commit_granule_words: 8192.
 - virtual_space_node_default_size: 8388608.
 - enlarge_chunks_in_place: 1.
 - new_chunks_are_fully_committed: 0.
 - uncommit_free_chunks: 1.
 - use_allocation_guard: 0.


Internal statistics:

num_allocs_failed_limit: 0.
num_arena_births: 172.
num_arena_deaths: 0.
num_vsnodes_births: 2.
num_vsnodes_deaths: 0.
num_space_committed: 132.
num_space_uncommitted: 0.
num_chunks_returned_to_freelist: 0.
num_chunks_taken_from_freelist: 196.
num_chunk_merges: 0.
num_chunk_splits: 134.
num_chunks_enlarged: 88.
num_inconsistent_stats: 0.

CodeHeap 'non-profiled nmethods': size=120000Kb used=345Kb max_used=345Kb free=119654Kb
 bounds [0x000001a0583e0000, 0x000001a058650000, 0x000001a05f910000]
CodeHeap 'profiled nmethods': size=120000Kb used=1512Kb max_used=1512Kb free=118488Kb
 bounds [0x000001a050910000, 0x000001a050b80000, 0x000001a057e40000]
CodeHeap 'non-nmethods': size=5760Kb used=1466Kb max_used=1466Kb free=4294Kb
 bounds [0x000001a057e40000, 0x000001a0580b0000, 0x000001a0583e0000]
 total_blobs=1669 nmethods=1049 adapters=529
 compilation: enabled
              stopped_count=0, restarted_count=0
 full_count=0

Compilation events (20 events):
Event: 1.615 Thread 0x000001a065413bf0 1063   !   2       jdk.internal.logger.LazyLoggers$LazyLoggerAccessor::platform (103 bytes)
Event: 1.616 Thread 0x000001a065413bf0 nmethod 1063 0x000001a050a88110 code [0x000001a050a88320, 0x000001a050a88a48]
Event: 1.616 Thread 0x000001a065413bf0 1064       2       jdk.internal.logger.SimpleConsoleLogger::isLoggable (29 bytes)
Event: 1.616 Thread 0x000001a065413bf0 nmethod 1064 0x000001a050a88d10 code [0x000001a050a88ec0, 0x000001a050a89048]
Event: 1.616 Thread 0x000001a065413bf0 1065       2       jdk.internal.logger.SimpleConsoleLogger::effectiveLevel (17 bytes)
Event: 1.616 Thread 0x000001a065413bf0 nmethod 1065 0x000001a050a89190 code [0x000001a050a89340, 0x000001a050a894a8]
Event: 1.616 Thread 0x000001a065413bf0 1066       2       jdk.internal.logger.SurrogateLogger::defaultPlatformLevel (4 bytes)
Event: 1.616 Thread 0x000001a065413bf0 nmethod 1066 0x000001a050a89590 code [0x000001a050a89720, 0x000001a050a89838]
Event: 1.617 Thread 0x000001a065413bf0 1067       1       java.awt.AWTEvent::getID (5 bytes)
Event: 1.617 Thread 0x000001a065413bf0 nmethod 1067 0x000001a058435890 code [0x000001a058435a20, 0x000001a058435ad8]
Event: 1.631 Thread 0x000001a065413bf0 1068       2       sun.java2d.pipe.RenderBuffer::putInt (26 bytes)
Event: 1.631 Thread 0x000001a065413bf0 nmethod 1068 0x000001a050a89910 code [0x000001a050a89aa0, 0x000001a050a89bd8]
Event: 1.631 Thread 0x000001a065413bf0 1069       2       jdk.internal.misc.Unsafe::putInt (8 bytes)
Event: 1.631 Thread 0x000001a065413bf0 nmethod 1069 0x000001a050a89c90 code [0x000001a050a89e20, 0x000001a050a89f38]
Event: 1.649 Thread 0x000001a065413bf0 1070       1       java.beans.PropertyChangeEvent::getPropertyName (5 bytes)
Event: 1.649 Thread 0x000001a065413bf0 nmethod 1070 0x000001a058435b90 code [0x000001a058435d20, 0x000001a058435dd8]
Event: 1.651 Thread 0x000001a065413bf0 1071       1       java.util.Collections$EmptyList::isEmpty (2 bytes)
Event: 1.651 Thread 0x000001a065413bf0 nmethod 1071 0x000001a058435e90 code [0x000001a058436020, 0x000001a0584360f8]
Event: 1.651 Thread 0x000001a065413bf0 1072       1       sun.util.locale.StringTokenIterator::isDone (5 bytes)
Event: 1.651 Thread 0x000001a065413bf0 nmethod 1072 0x000001a058436190 code [0x000001a058436320, 0x000001a0584363f8]

GC Heap History (2 events):
Event: 0.757 GC heap before
{Heap before GC invocations=0 (full 0):
 garbage-first heap   total 81920K, used 19456K [0x00000000b0800000, 0x0000000100000000)
  region size 1024K, 13 young (13312K), 0 survivors (0K)
 Metaspace       used 3344K, committed 3520K, reserved 1114112K
  class space    used 307K, committed 384K, reserved 1048576K
}
Event: 0.762 GC heap after
{Heap after GC invocations=1 (full 0):
 garbage-first heap   total 81920K, used 10424K [0x00000000b0800000, 0x0000000100000000)
  region size 1024K, 2 young (2048K), 2 survivors (2048K)
 Metaspace       used 3344K, committed 3520K, reserved 1114112K
  class space    used 307K, committed 384K, reserved 1048576K
}

Dll operation events (13 events):
Event: 0.017 Loaded shared library C:\Program Files\Java\jdk-19\bin\java.dll
Event: 0.029 Loaded shared library C:\Program Files\Java\jdk-19\bin\jsvml.dll
Event: 0.113 Loaded shared library C:\Program Files\Java\jdk-19\bin\zip.dll
Event: 0.117 Loaded shared library C:\Program Files\Java\jdk-19\bin\instrument.dll
Event: 0.125 Loaded shared library C:\Program Files\Java\jdk-19\bin\net.dll
Event: 0.127 Loaded shared library C:\Program Files\Java\jdk-19\bin\nio.dll
Event: 0.131 Loaded shared library C:\Program Files\Java\jdk-19\bin\zip.dll
Event: 0.142 Loaded shared library C:\Program Files\JetBrains\IntelliJ IDEA Community Edition 2022.3.2\bin\breakgen64.dll
Event: 0.151 Loaded shared library C:\Program Files\Java\jdk-19\bin\jimage.dll
Event: 0.152 Loaded shared library C:\Program Files\Java\jdk-19\bin\extnet.dll
Event: 0.189 Loaded shared library C:\Program Files\Java\jdk-19\bin\awt.dll
Event: 1.460 Loaded shared library C:\Program Files\Java\jdk-19\bin\freetype.dll
Event: 1.461 Loaded shared library C:\Program Files\Java\jdk-19\bin\fontmanager.dll

Deoptimization events (20 events):
Event: 0.800 Thread 0x000001a04717bde0 DEOPT PACKING pc=0x000001a0509c0030 sp=0x0000004e840fe6a0
Event: 0.800 Thread 0x000001a04717bde0 DEOPT UNPACKING pc=0x000001a057ea7543 sp=0x0000004e840fdb78 mode 0
Event: 0.809 Thread 0x000001a04717bde0 DEOPT PACKING pc=0x000001a0509f3d83 sp=0x0000004e840feb80
Event: 0.809 Thread 0x000001a04717bde0 DEOPT UNPACKING pc=0x000001a057ea7543 sp=0x0000004e840fe068 mode 0
Event: 0.813 Thread 0x000001a04717bde0 Uncommon trap: trap_request=0xffffff45 fr.pc=0x000001a05841fa80 relative=0x0000000000004960
Event: 0.813 Thread 0x000001a04717bde0 Uncommon trap: reason=unstable_if action=reinterpret pc=0x000001a05841fa80 method=com.sun.imageio.plugins.png.PNGImageReader.decodePass(IIIIIII)V @ 690 c2
Event: 0.813 Thread 0x000001a04717bde0 DEOPT PACKING pc=0x000001a05841fa80 sp=0x0000004e840febe0
Event: 0.813 Thread 0x000001a04717bde0 DEOPT UNPACKING pc=0x000001a057ea6da3 sp=0x0000004e840feb68 mode 2
Event: 1.121 Thread 0x000001a0653ffc50 Uncommon trap: trap_request=0xffffff45 fr.pc=0x000001a0584167d8 relative=0x0000000000000138
Event: 1.121 Thread 0x000001a0653ffc50 Uncommon trap: reason=unstable_if action=reinterpret pc=0x000001a0584167d8 method=java.util.concurrent.locks.ReentrantLock$NonfairSync.initialTryLock()Z @ 10 c2
Event: 1.121 Thread 0x000001a0653ffc50 DEOPT PACKING pc=0x000001a0584167d8 sp=0x0000004e84afee50
Event: 1.121 Thread 0x000001a0653ffc50 DEOPT UNPACKING pc=0x000001a057ea6da3 sp=0x0000004e84afedf8 mode 2
Event: 1.121 Thread 0x000001a0653ffc50 Uncommon trap: trap_request=0xffffff45 fr.pc=0x000001a0584160dc relative=0x00000000000000bc
Event: 1.121 Thread 0x000001a0653ffc50 Uncommon trap: reason=unstable_if action=reinterpret pc=0x000001a0584160dc method=java.util.concurrent.locks.ReentrantLock$Sync.tryRelease(I)Z @ 26 c2
Event: 1.121 Thread 0x000001a0653ffc50 DEOPT PACKING pc=0x000001a0584160dc sp=0x0000004e84afee50
Event: 1.121 Thread 0x000001a0653ffc50 DEOPT UNPACKING pc=0x000001a057ea6da3 sp=0x0000004e84afedf0 mode 2
Event: 1.504 Thread 0x000001a04717bde0 Uncommon trap: trap_request=0xffffff45 fr.pc=0x000001a058405b18 relative=0x0000000000000158
Event: 1.504 Thread 0x000001a04717bde0 Uncommon trap: reason=unstable_if action=reinterpret pc=0x000001a058405b18 method=java.lang.invoke.VarHandle.checkAccessModeThenIsDirect(Ljava/lang/invoke/VarHandle$AccessDescriptor;)Z @ 4 c2
Event: 1.504 Thread 0x000001a04717bde0 DEOPT PACKING pc=0x000001a058405b18 sp=0x0000004e840fee80
Event: 1.504 Thread 0x000001a04717bde0 DEOPT UNPACKING pc=0x000001a057ea6da3 sp=0x0000004e840fedb8 mode 2

Classes loaded (20 events):
Event: 1.615 Loading class sun/awt/WeakIdentityHashMap$WeakKey done
Event: 1.648 Loading class java/awt/KeyboardFocusManager$3
Event: 1.648 Loading class java/awt/KeyboardFocusManager$3 done
Event: 1.649 Loading class java/awt/im/InputContext
Event: 1.649 Loading class java/awt/im/InputContext done
Event: 1.649 Loading class sun/awt/im/InputMethodContext
Event: 1.649 Loading class java/awt/im/spi/InputMethodContext
Event: 1.649 Loading class java/awt/im/InputMethodRequests
Event: 1.649 Loading class java/awt/im/InputMethodRequests done
Event: 1.649 Loading class java/awt/im/spi/InputMethodContext done
Event: 1.649 Loading class sun/awt/im/InputContext
Event: 1.650 Loading class sun/awt/im/InputContext done
Event: 1.650 Loading class sun/awt/im/InputMethodContext done
Event: 1.650 Loading class sun/awt/windows/WInputMethod
Event: 1.650 Loading class sun/awt/im/InputMethodAdapter
Event: 1.650 Loading class java/awt/im/spi/InputMethod
Event: 1.650 Loading class java/awt/im/spi/InputMethod done
Event: 1.650 Loading class sun/awt/im/InputMethodAdapter done
Event: 1.650 Loading class sun/awt/windows/WInputMethod done
Event: 1.655 Loading class sun/awt/im/CompositionAreaHandler

Classes unloaded (0 events):
No events

Classes redefined (0 events):
No events

Internal exceptions (19 events):
Event: 0.132 Thread 0x000001a04717bde0 Exception <a 'java/lang/NoSuchMethodError'{0x00000000b5500a10}: 'void java.lang.invoke.DirectMethodHandle$Holder.invokeStatic(java.lang.Object, java.lang.Object, java.lang.Object)'> (0x00000000b5500a10) 
thrown [s\open\src\hotspot\share\interpreter\linkResolver.cpp, line 774]
Event: 0.138 Thread 0x000001a04717bde0 Exception <a 'java/lang/NoSuchMethodError'{0x00000000b5519008}: 'java.lang.Object java.lang.invoke.Invokers$Holder.invokeExact_MT(java.lang.Object, java.lang.Object, java.lang.Object, java.lang.Object, java.lang.Object)'> (0x00000000b5519008) 
thrown [s\open\src\hotspot\share\interpreter\linkResolver.cpp, line 774]
Event: 0.153 Thread 0x000001a069946d30 Exception <a 'java/lang/NoSuchMethodError'{0x00000000b554a998}: 'void java.lang.invoke.DirectMethodHandle$Holder.invokeStatic(java.lang.Object, java.lang.Object)'> (0x00000000b554a998) 
thrown [s\open\src\hotspot\share\interpreter\linkResolver.cpp, line 774]
Event: 0.165 Thread 0x000001a04717bde0 Exception <a 'java/lang/ClassNotFoundException'{0x00000000b5588880}: sun/awt/resources/spi/awtProvider> (0x00000000b5588880) 
thrown [s\open\src\hotspot\share\classfile\systemDictionary.cpp, line 255]
Event: 0.204 Thread 0x000001a04717bde0 Exception <a 'java/io/FileNotFoundException'{0x00000000b55dccd0}> (0x00000000b55dccd0) 
thrown [s\open\src\hotspot\share\prims\jni.cpp, line 517]
Event: 0.212 Thread 0x000001a04717bde0 Exception <a 'java/io/FileNotFoundException'{0x00000000b5409690}> (0x00000000b5409690) 
thrown [s\open\src\hotspot\share\prims\jni.cpp, line 517]
Event: 0.249 Thread 0x000001a04717bde0 Exception <a 'java/lang/NoSuchMethodError'{0x00000000b5480790}: 'java.lang.Object java.lang.invoke.DirectMethodHandle$Holder.invokeStaticInit(java.lang.Object, int, int, int, int)'> (0x00000000b5480790) 
thrown [s\open\src\hotspot\share\interpreter\linkResolver.cpp, line 774]
Event: 0.305 Thread 0x000001a04717bde0 Exception <a 'java/lang/NoSuchMethodError'{0x00000000b5350498}: 'java.lang.Object java.lang.invoke.DirectMethodHandle$Holder.invokeStaticInit(java.lang.Object, java.lang.Object, int, int, int, int)'> (0x00000000b5350498) 
thrown [s\open\src\hotspot\share\interpreter\linkResolver.cpp, line 774]
Event: 0.318 Thread 0x000001a04717bde0 Exception <a 'java/lang/NoSuchMethodError'{0x00000000b535cb00}: 'java.lang.Object java.lang.invoke.DirectMethodHandle$Holder.invokeStaticInit(java.lang.Object)'> (0x00000000b535cb00) 
thrown [s\open\src\hotspot\share\interpreter\linkResolver.cpp, line 774]
Event: 0.441 Thread 0x000001a04717bde0 Implicit null exception at 0x000001a05840ec05 to 0x000001a05840f01c
Event: 1.119 Thread 0x000001a0653ffc50 Exception <a 'java/lang/NoSuchMethodError'{0x00000000b5236110}: 'java.lang.Object java.lang.invoke.Invokers$Holder.invokeExact_MT(java.lang.Object, java.lang.Object, java.lang.Object, java.lang.Object, java.lang.Object, java.lang.Object)'> (0x00000000b5236110) 
thrown [s\open\src\hotspot\share\interpreter\linkResolver.cpp, line 774]
Event: 1.247 Thread 0x000001a04717bde0 Exception <a 'java/lang/NoSuchMethodError'{0x00000000b52d3648}: 'void java.lang.invoke.DirectMethodHandle$Holder.invokeSpecial(java.lang.Object, java.lang.Object, java.lang.Object)'> (0x00000000b52d3648) 
thrown [s\open\src\hotspot\share\interpreter\linkResolver.cpp, line 774]
Event: 1.260 Thread 0x000001a04717bde0 Exception <a 'java/lang/NoSuchMethodError'{0x00000000b5111898}: 'java.lang.Object java.lang.invoke.DirectMethodHandle$Holder.newInvokeSpecial(java.lang.Object, java.lang.Object, java.lang.Object, java.lang.Object, java.lang.Object)'> (0x00000000b5111898) 
thrown [s\open\src\hotspot\share\interpreter\linkResolver.cpp, line 774]
Event: 1.269 Thread 0x000001a04717bde0 Exception <a 'java/lang/NoSuchMethodError'{0x00000000b5142a38}: 'java.lang.Object java.lang.invoke.DirectMethodHandle$Holder.invokeStatic(java.lang.Object, int, java.lang.Object)'> (0x00000000b5142a38) 
thrown [s\open\src\hotspot\share\interpreter\linkResolver.cpp, line 774]
Event: 1.312 Thread 0x000001a04717bde0 Exception <a 'java/lang/ClassNotFoundException'{0x00000000b50011d8}: com/sun/swing/internal/plaf/metal/resources/spi/metalProvider> (0x00000000b50011d8) 
thrown [s\open\src\hotspot\share\classfile\systemDictionary.cpp, line 255]
Event: 1.315 Thread 0x000001a04717bde0 Exception <a 'java/lang/ClassNotFoundException'{0x00000000b5004ed8}: com/sun/swing/internal/plaf/basic/resources/spi/basicProvider> (0x00000000b5004ed8) 
thrown [s\open\src\hotspot\share\classfile\systemDictionary.cpp, line 255]
Event: 1.424 Thread 0x000001a04717bde0 Exception <a 'java/lang/NoSuchMethodError'{0x00000000b5031fe8}: 'int java.lang.invoke.Invokers$Holder.invokeExact_MT(java.lang.Object, java.lang.Object)'> (0x00000000b5031fe8) 
thrown [s\open\src\hotspot\share\interpreter\linkResolver.cpp, line 774]
Event: 1.433 Thread 0x000001a069b4ab70 Exception <a 'java/lang/NoSuchMethodError'{0x00000000b52f0f28}: 'void java.lang.invoke.DirectMethodHandle$Holder.invokeVirtual(java.lang.Object, java.lang.Object)'> (0x00000000b52f0f28) 
thrown [s\open\src\hotspot\share\interpreter\linkResolver.cpp, line 774]
Event: 1.453 Thread 0x000001a04717bde0 Exception <a 'java/lang/NoSuchMethodError'{0x00000000b506b1b8}: 'void java.lang.invoke.DirectMethodHandle$Holder.invokeStaticInit(java.lang.Object)'> (0x00000000b506b1b8) 
thrown [s\open\src\hotspot\share\interpreter\linkResolver.cpp, line 774]

VM Operations (20 events):
Event: 0.097 Executing VM operation: HandshakeAllThreads
Event: 0.097 Executing VM operation: HandshakeAllThreads done
Event: 0.145 Executing VM operation: HandshakeAllThreads
Event: 0.145 Executing VM operation: HandshakeAllThreads done
Event: 0.156 Executing VM operation: HandshakeAllThreads
Event: 0.156 Executing VM operation: HandshakeAllThreads done
Event: 0.757 Executing VM operation: G1CollectForAllocation
Event: 0.762 Executing VM operation: G1CollectForAllocation done
Event: 0.762 Executing VM operation: HandshakeAllThreads
Event: 0.762 Executing VM operation: HandshakeAllThreads done
Event: 1.099 Executing VM operation: HandshakeAllThreads
Event: 1.099 Executing VM operation: HandshakeAllThreads done
Event: 1.236 Executing VM operation: HandshakeAllThreads
Event: 1.236 Executing VM operation: HandshakeAllThreads done
Event: 1.252 Executing VM operation: HandshakeAllThreads
Event: 1.252 Executing VM operation: HandshakeAllThreads done
Event: 1.569 Executing VM operation: HandshakeAllThreads
Event: 1.581 Executing VM operation: HandshakeAllThreads done
Event: 1.581 Executing VM operation: HandshakeAllThreads
Event: 1.584 Executing VM operation: HandshakeAllThreads done

Events (20 events):
Event: 0.051 Thread 0x000001a0653f68f0 Thread added: 0x000001a0653f68f0
Event: 0.052 Thread 0x000001a0653fbf40 Thread added: 0x000001a0653fbf40
Event: 0.052 Thread 0x000001a0653ffc50 Thread added: 0x000001a0653ffc50
Event: 0.052 Thread 0x000001a065402590 Thread added: 0x000001a065402590
Event: 0.052 Thread 0x000001a065403ed0 Thread added: 0x000001a065403ed0
Event: 0.052 Thread 0x000001a065408a50 Thread added: 0x000001a065408a50
Event: 0.052 Thread 0x000001a065413bf0 Thread added: 0x000001a065413bf0
Event: 0.052 Thread 0x000001a065426d30 Thread added: 0x000001a065426d30
Event: 0.086 Thread 0x000001a0698629f0 Thread added: 0x000001a0698629f0
Event: 0.143 Thread 0x000001a069946d30 Thread added: 0x000001a069946d30
Event: 0.143 Thread 0x000001a069947270 Thread added: 0x000001a069947270
Event: 0.318 Thread 0x000001a069ac6740 Thread added: 0x000001a069ac6740
Event: 0.430 Thread 0x000001a069af7880 Thread added: 0x000001a069af7880
Event: 1.217 Thread 0x000001a06bd58c30 Thread added: 0x000001a06bd58c30
Event: 1.219 Thread 0x000001a069b4ab70 Thread added: 0x000001a069b4ab70
Event: 1.436 Thread 0x000001a06b043f70 Thread added: 0x000001a06b043f70
Event: 1.534 Thread 0x000001a074acb140 Thread added: 0x000001a074acb140
Event: 1.534 Thread 0x000001a04717bde0 Thread exited: 0x000001a04717bde0
Event: 1.535 Thread 0x000001a07498ad10 Thread added: 0x000001a07498ad10
Event: 1.538 Thread 0x000001a074988290 Thread added: 0x000001a074988290


Dynamic libraries:
0x00007ff6467d0000 - 0x00007ff6467e0000 	C:\Program Files\Java\jdk-19\bin\java.exe
0x00007ffc58c90000 - 0x00007ffc58e86000 	C:\Windows\SYSTEM32\ntdll.dll
0x00007ffc58350000 - 0x00007ffc5840d000 	C:\Windows\System32\KERNEL32.DLL
0x00007ffc56710000 - 0x00007ffc569d8000 	C:\Windows\System32\KERNELBASE.dll
0x00007ffc56bc0000 - 0x00007ffc56cc0000 	C:\Windows\System32\ucrtbase.dll
0x00007ffc51fe0000 - 0x00007ffc51ffb000 	C:\Program Files\Java\jdk-19\bin\VCRUNTIME140.dll
0x00007ffc51fc0000 - 0x00007ffc51fd8000 	C:\Program Files\Java\jdk-19\bin\jli.dll
0x00007ffc57e10000 - 0x00007ffc57ebc000 	C:\Windows\System32\ADVAPI32.dll
0x00007ffc56d70000 - 0x00007ffc56e0e000 	C:\Windows\System32\msvcrt.dll
0x00007ffc58a20000 - 0x00007ffc58abb000 	C:\Windows\System32\sechost.dll
0x00007ffc588f0000 - 0x00007ffc58a14000 	C:\Windows\System32\RPCRT4.dll
0x00007ffc56e40000 - 0x00007ffc56fe0000 	C:\Windows\System32\USER32.dll
0x00007ffc56400000 - 0x00007ffc56422000 	C:\Windows\System32\win32u.dll
0x00007ffc45360000 - 0x00007ffc455fb000 	C:\Windows\WinSxS\amd64_microsoft.windows.common-controls_6595b64144ccf1df_6.0.19041.488_none_ca04af081b815d21\COMCTL32.dll
0x00007ffc57de0000 - 0x00007ffc57e0a000 	C:\Windows\System32\GDI32.dll
0x00007ffc56ab0000 - 0x00007ffc56bb9000 	C:\Windows\System32\gdi32full.dll
0x00007ffc56a10000 - 0x00007ffc56aad000 	C:\Windows\System32\msvcp_win.dll
0x00007ffc4e220000 - 0x00007ffc4e22a000 	C:\Windows\SYSTEM32\VERSION.dll
0x00007ffc58bf0000 - 0x00007ffc58c20000 	C:\Windows\System32\IMM32.DLL
0x00007ffc52360000 - 0x00007ffc5236c000 	C:\Program Files\Java\jdk-19\bin\vcruntime140_1.dll
0x00007ffc250e0000 - 0x00007ffc2516e000 	C:\Program Files\Java\jdk-19\bin\msvcp140.dll
0x00007ffbef060000 - 0x00007ffbefd20000 	C:\Program Files\Java\jdk-19\bin\server\jvm.dll
0x00007ffc4d590000 - 0x00007ffc4d5b7000 	C:\Windows\SYSTEM32\WINMM.dll
0x00007ffc3cb80000 - 0x00007ffc3cb89000 	C:\Windows\SYSTEM32\WSOCK32.dll
0x00007ffc58280000 - 0x00007ffc582eb000 	C:\Windows\System32\WS2_32.dll
0x00007ffc542f0000 - 0x00007ffc54302000 	C:\Windows\SYSTEM32\kernel.appcore.dll
0x00007ffc51fb0000 - 0x00007ffc51fba000 	C:\Program Files\Java\jdk-19\bin\jimage.dll
0x00007ffc3dfb0000 - 0x00007ffc3e194000 	C:\Windows\SYSTEM32\DBGHELP.DLL
0x00007ffc3df80000 - 0x00007ffc3dfac000 	C:\Windows\SYSTEM32\dbgcore.DLL
0x00007ffc56690000 - 0x00007ffc5670f000 	C:\Windows\System32\bcryptPrimitives.dll
0x00007ffc51550000 - 0x00007ffc5155e000 	C:\Program Files\Java\jdk-19\bin\instrument.dll
0x00007ffc51480000 - 0x00007ffc514a6000 	C:\Program Files\Java\jdk-19\bin\java.dll
0x00007ffc0d560000 - 0x00007ffc0d637000 	C:\Program Files\Java\jdk-19\bin\jsvml.dll
0x00007ffc57170000 - 0x00007ffc578b1000 	C:\Windows\System32\SHELL32.dll
0x00007ffc544f0000 - 0x00007ffc54c85000 	C:\Windows\SYSTEM32\windows.storage.dll
0x00007ffc57ec0000 - 0x00007ffc58215000 	C:\Windows\System32\combase.dll
0x00007ffc55e10000 - 0x00007ffc55e3c000 	C:\Windows\SYSTEM32\Wldp.dll
0x00007ffc56cc0000 - 0x00007ffc56d6e000 	C:\Windows\System32\SHCORE.dll
0x00007ffc58600000 - 0x00007ffc58655000 	C:\Windows\System32\shlwapi.dll
0x00007ffc562d0000 - 0x00007ffc562f6000 	C:\Windows\SYSTEM32\profapi.dll
0x00007ffc51530000 - 0x00007ffc51548000 	C:\Program Files\Java\jdk-19\bin\zip.dll
0x00007ffc4cb30000 - 0x00007ffc4cb43000 	C:\Program Files\Java\jdk-19\bin\net.dll
0x00007ffc4d450000 - 0x00007ffc4d550000 	C:\Windows\SYSTEM32\WINHTTP.dll
0x00007ffc55b90000 - 0x00007ffc55bfa000 	C:\Windows\system32\mswsock.dll
0x00007ffc4cb10000 - 0x00007ffc4cb26000 	C:\Program Files\Java\jdk-19\bin\nio.dll
0x00007ffc4c9b0000 - 0x00007ffc4c9ca000 	C:\Program Files\JetBrains\IntelliJ IDEA Community Edition 2022.3.2\bin\breakgen64.dll
0x00007ffc4c9a0000 - 0x00007ffc4c9a8000 	C:\Program Files\Java\jdk-19\bin\extnet.dll
0x00007ffc010a0000 - 0x00007ffc01231000 	C:\Program Files\Java\jdk-19\bin\awt.dll
0x00007ffc58490000 - 0x00007ffc5855d000 	C:\Windows\System32\OLEAUT32.dll
0x00007ffc53c60000 - 0x00007ffc53cf0000 	C:\Windows\SYSTEM32\apphelp.dll
0x00007ffc55d60000 - 0x00007ffc55d78000 	C:\Windows\SYSTEM32\CRYPTSP.dll
0x00007ffc554b0000 - 0x00007ffc554e4000 	C:\Windows\system32\rsaenh.dll
0x00007ffc569e0000 - 0x00007ffc56a07000 	C:\Windows\System32\bcrypt.dll
0x00007ffc56290000 - 0x00007ffc562be000 	C:\Windows\SYSTEM32\USERENV.dll
0x00007ffc55d80000 - 0x00007ffc55d8c000 	C:\Windows\SYSTEM32\CRYPTBASE.dll
0x00007ffc55830000 - 0x00007ffc5586b000 	C:\Windows\SYSTEM32\IPHLPAPI.DLL
0x00007ffc58560000 - 0x00007ffc58568000 	C:\Windows\System32\NSI.dll
0x00007ffc4e100000 - 0x00007ffc4e117000 	C:\Windows\SYSTEM32\dhcpcsvc6.DLL
0x00007ffc4e0e0000 - 0x00007ffc4e0fd000 	C:\Windows\SYSTEM32\dhcpcsvc.DLL
0x00007ffc55880000 - 0x00007ffc5594b000 	C:\Windows\SYSTEM32\DNSAPI.dll
0x00007ffc53e10000 - 0x00007ffc53eae000 	C:\Windows\system32\uxtheme.dll
0x00007ffc56fe0000 - 0x00007ffc570f5000 	C:\Windows\System32\MSCTF.dll
0x00007ffc58ac0000 - 0x00007ffc58bea000 	C:\Windows\System32\ole32.dll
0x00007ffc54000000 - 0x00007ffc5402f000 	C:\Windows\system32\DWMAPI.DLL
0x00007ffc2c440000 - 0x00007ffc2c565000 	C:\Windows\system32\opengl32.dll
0x00007ffc2c3b0000 - 0x00007ffc2c3dc000 	C:\Windows\SYSTEM32\GLU32.dll
0x00007ffc480c0000 - 0x00007ffc4828e000 	C:\Windows\system32\d3d9.dll
0x00007ffc4d5c0000 - 0x00007ffc4d79b000 	C:\Windows\System32\DriverStore\FileRepository\u0361313.inf_amd64_07132764fbaf152d\B361334\aticfx64.dll
0x00007ffc355c0000 - 0x00007ffc355f3000 	C:\Windows\System32\DriverStore\FileRepository\u0361313.inf_amd64_07132764fbaf152d\B361334\atiu9p64.dll
0x00007ffbec160000 - 0x00007ffbecdf6000 	C:\Windows\System32\DriverStore\FileRepository\u0361313.inf_amd64_07132764fbaf152d\B361334\atiumd64.dll
0x0000000064360000 - 0x00000000651d9000 	C:\Windows\System32\DriverStore\FileRepository\u0361313.inf_amd64_07132764fbaf152d\B361334\atiumd6a.dll
0x00007ffc55950000 - 0x00007ffc5599b000 	C:\Windows\SYSTEM32\POWRPROF.dll
0x00007ffc55810000 - 0x00007ffc55822000 	C:\Windows\SYSTEM32\UMPDC.dll
0x00007ffc4d290000 - 0x00007ffc4d2bf000 	C:\Windows\SYSTEM32\amdihk64.dll
0x00007ffc4d950000 - 0x00007ffc4d98b000 	C:\Windows\SYSTEM32\dxcore.dll
0x00007ffc56640000 - 0x00007ffc5668e000 	C:\Windows\System32\cfgmgr32.dll
0x00007ffbf1260000 - 0x00007ffbf12e6000 	C:\Program Files\Java\jdk-19\bin\freetype.dll
0x00007ffbf1190000 - 0x00007ffbf1256000 	C:\Program Files\Java\jdk-19\bin\fontmanager.dll
0x00007ffc4c150000 - 0x00007ffc4c24c000 	C:\Windows\SYSTEM32\textinputframework.dll
0x00007ffc53350000 - 0x00007ffc536ae000 	C:\Windows\System32\CoreUIComponents.dll
0x00007ffc53a30000 - 0x00007ffc53b22000 	C:\Windows\System32\CoreMessaging.dll
0x00007ffc550e0000 - 0x00007ffc55113000 	C:\Windows\SYSTEM32\ntmarta.dll
0x00007ffc52370000 - 0x00007ffc524c6000 	C:\Windows\SYSTEM32\wintypes.dll

dbghelp: loaded successfully - version: 4.0.5 - missing functions: none
symbol engine: initialized successfully - sym options: 0x614 - pdb path: .;C:\Program Files\Java\jdk-19\bin;C:\Windows\SYSTEM32;C:\Windows\WinSxS\amd64_microsoft.windows.common-controls_6595b64144ccf1df_6.0.19041.488_none_ca04af081b815d21;C:\Program Files\Java\jdk-19\bin\server;C:\Program Files\JetBrains\IntelliJ IDEA Community Edition 2022.3.2\bin;C:\Windows\System32\DriverStore\FileRepository\u0361313.inf_amd64_07132764fbaf152d\B361334

VM Arguments:
jvm_args: -javaagent:C:\Program Files\JetBrains\IntelliJ IDEA Community Edition 2022.3.2\lib\idea_rt.jar=56868:C:\Program Files\JetBrains\IntelliJ IDEA Community Edition 2022.3.2\bin -Dfile.encoding=UTF-8 -Dsun.stdout.encoding=UTF-8 -Dsun.stderr.encoding=UTF-8 
java_command: main.MainClass
java_class_path (initial): D:\JAVAPROG\Kurs3\encodingOfInformation\PlatformerPlay\out\production\PlatformerPlay
Launcher Type: SUN_STANDARD

[Global flags]
     intx CICompilerCount                          = 3                                         {product} {ergonomic}
     uint ConcGCThreads                            = 1                                         {product} {ergonomic}
     uint G1ConcRefinementThreads                  = 4                                         {product} {ergonomic}
   size_t G1HeapRegionSize                         = 1048576                                   {product} {ergonomic}
    uintx GCDrainStackTargetSize                   = 64                                        {product} {ergonomic}
   size_t InitialHeapSize                          = 83886080                                  {product} {ergonomic}
   size_t MarkStackSize                            = 4194304                                   {product} {ergonomic}
   size_t MaxHeapSize                              = 1333788672                                {product} {ergonomic}
   size_t MaxNewSize                               = 800063488                                 {product} {ergonomic}
   size_t MinHeapDeltaBytes                        = 1048576                                   {product} {ergonomic}
   size_t MinHeapSize                              = 8388608                                   {product} {ergonomic}
    uintx NonNMethodCodeHeapSize                   = 5832780                                {pd product} {ergonomic}
    uintx NonProfiledCodeHeapSize                  = 122912730                              {pd product} {ergonomic}
    uintx ProfiledCodeHeapSize                     = 122912730                              {pd product} {ergonomic}
    uintx ReservedCodeCacheSize                    = 251658240                              {pd product} {ergonomic}
     bool SegmentedCodeCache                       = true                                      {product} {ergonomic}
   size_t SoftMaxHeapSize                          = 1333788672                             {manageable} {ergonomic}
     bool UseCompressedClassPointers               = true                           {product lp64_product} {ergonomic}
     bool UseCompressedOops                        = true                           {product lp64_product} {ergonomic}
     bool UseG1GC                                  = true                                      {product} {ergonomic}
     bool UseLargePagesIndividualAllocation        = false                                  {pd product} {ergonomic}

Logging:
Log output configuration:
 #0: stdout all=warning uptime,level,tags foldmultilines=false
 #1: stderr all=off uptime,level,tags foldmultilines=false

Environment Variables:
JAVA_HOME=C:\Program Files\Java\jdk-19
PATH=C:\Program Files\Microsoft MPI\Bin\;C:\Python312\Scripts\;C:\Python312\;C:\Program Files\Common Files\Oracle\Java\javapath;C:\Windows\system32;C:\Windows;C:\Windows\System32\Wbem;C:\Windows\System32\WindowsPowerShell\v1.0\;C:\Windows\System32\OpenSSH\;C:\Program Files (x86)\NVIDIA Corporation\PhysX\Common;C:\Program Files\Microsoft SQL Server\130\Tools\Binn\;C:\Program Files\Microsoft SQL Server\Client SDK\ODBC\170\Tools\Binn\;C:\Program Files\dotnet\;C:\Program Files\Java\jdk-19\bin;C:\Users\\.m2\repository\com\eclipsesource\j2v8\j2v8_win32_x86_64;C:\Program Files\Git\cmd;C:\ProgramData\chocolatey\bin;C:\Program Files\nodejs\;C:\Program Files\Azure Data Studio\bin;C:\Program Files (x86)\Microsoft SQL Server\160\DTS\Binn\;C:\Users\\AppData\Local\Microsoft\WindowsApps;C:\Program Files\JetBrains\PyCharm Community Edition 2020.3.5\bin;C:\Program Files\JetBrains\PyCharm 2020.3.5\bin;C:\Users\\.dotnet\tools;D:\Microsoft VS Code\bin;C:\Users\\.dotnet\tools;C:\Users\\.m2\repository\com\eclipsesource\j2v8\j2v8_win32_x86_64;C:\Program Files\Graphviz\bin;D:\IntelliJ IDEA 2023.2.2\bin;;D:\PyCharm Community Edition 2023.2.1\bin;;C:\Users\\AppData\Roaming\npm;C:\Program Files\Azure Data Studio\bin
USERNAME=
OS=Windows_NT
PROCESSOR_IDENTIFIER=AMD64 Family 23 Model 24 Stepping 1, AuthenticAMD
TMP=C:\Users\DD43~1\AppData\Local\Temp
TEMP=C:\Users\DD43~1\AppData\Local\Temp



---------------  S Y S T E M  ---------------

OS:
 Windows 10 , 64 bit Build 19041 (10.0.19041.546)
OS uptime: 0 days 0:16 hours

CPU: total 4 (initial active 4) (8 cores per cpu, 2 threads per core) family 23 model 24 stepping 1 microcode 0x0, cx8, cmov, fxsr, ht, mmx, 3dnowpref, sse, sse2, sse3, ssse3, sse4a, sse4.1, sse4.2, popcnt, lzcnt, tsc, tscinvbit, avx, avx2, aes, clmul, bmi1, bmi2, adx, sha, fma, vzeroupper, clflush, clflushopt, rdtscp

Memory: 4k page, system-wide physical 5080M (414M free)
TotalPageFile size 9497M (AvailPageFile size 6M)
current process WorkingSet (physical memory assigned to process): 234M, peak: 243M
current process commit charge ("private bytes"): 348M, peak: 357M

vm_info: Java HotSpot(TM) 64-Bit Server VM (19.0.2+7-44) for windows-amd64 JRE (19.0.2+7-44), built on 2022-11-30T18:02:09Z by "mach5one" with MS VC++ 17.1 (VS2022)

END.
